2025-02-24 11:36:37 [INFO] Starting test : Verify if Search Flights Tab is displayed
2025-02-24 11:36:48 [INFO] Stopping test : Verify if Search Flights Tab is displayed
2025-02-24 11:48:34 [INFO] Starting test : Hotels Tab
2025-02-24 11:48:43 [INFO] Stopping test : Hotels Tab
2025-02-24 12:29:29 [INFO] Starting test : One way Flight Search
2025-02-24 12:29:29 [INFO] Starting test : Flight Search
2025-02-24 12:29:29 [INFO] Starting test : Title Test
2025-02-24 12:29:29 [INFO] Starting test : Flight Search - Round Trip
2025-02-24 12:29:36 [INFO] Stopping test : Title Test
2025-02-24 12:29:37 [INFO] Starting test : Verify if Search Flights Tab is displayed
2025-02-24 12:29:37 [INFO] Date panel for departure: March 2025
2025-02-24 12:29:37 [INFO] Date to assert: Thu, Mar 6
2025-02-24 12:29:38 [INFO] Date panel for departure: March 2025
2025-02-24 12:29:38 [INFO] Date to assert: Thu, Mar 6
2025-02-24 12:29:38 [INFO] Date panel for return: March 2025
2025-02-24 12:29:38 [INFO] Sat, Mar 8
2025-02-24 12:29:41 [INFO] Date panel for departure: March 2025
2025-02-24 12:29:41 [INFO] Date to assert: Thu, Mar 6
2025-02-24 12:29:42 [INFO] Date panel for return: March 2025
2025-02-24 12:29:42 [INFO] Sat, Mar 8
2025-02-24 12:29:49 [INFO] Stopping test : Verify if Search Flights Tab is displayed
2025-02-24 12:29:49 [INFO] Starting test : Verify if Login/Sign up btn is displayed in home page
2025-02-24 12:29:52 [INFO] Stopping test : One way Flight Search
2025-02-24 12:29:52 [INFO] Starting test : Hotels Tab
2025-02-24 12:29:58 [INFO] Stopping test : Flight Search
2025-02-24 12:29:59 [INFO] Stopping test : Verify if Login/Sign up btn is displayed in home page
2025-02-24 12:29:59 [INFO] Stopping test : Flight Search - Round Trip
2025-02-24 12:29:59 [INFO] Starting test : Flight Search - Round Trip
2025-02-24 12:30:04 [INFO] Stopping test : Hotels Tab
2025-02-24 12:30:19 [INFO] Date panel for departure: March 2025
2025-02-24 12:30:19 [INFO] Date to assert: Thu, Mar 6
2025-02-24 12:30:19 [INFO] Date panel for return: March 2025
2025-02-24 12:30:19 [INFO] Sat, Mar 8
2025-02-24 12:30:29 [INFO] Stopping test : Flight Search - Round Trip
2025-02-24 12:38:04 [INFO] Starting test : Title Test
2025-02-24 12:38:04 [INFO] Starting test : One way Flight Search
2025-02-24 12:38:04 [INFO] Starting test : Flight Search - Round Trip
2025-02-24 12:38:04 [INFO] Starting test : Flight Search
2025-02-24 12:38:14 [INFO] Date panel for departure: March 2025
2025-02-24 12:38:14 [INFO] Date to assert: Thu, Mar 6
2025-02-24 12:38:14 [INFO] Date panel for return: March 2025
2025-02-24 12:38:14 [INFO] Sat, Mar 8
2025-02-24 12:38:16 [INFO] Date panel for departure: March 2025
2025-02-24 12:38:16 [INFO] Date to assert: Thu, Mar 6
2025-02-24 12:38:16 [INFO] Date panel for return: March 2025
2025-02-24 12:38:16 [INFO] Sat, Mar 8
2025-02-24 12:38:17 [INFO] Date panel for departure: March 2025
2025-02-24 12:38:17 [INFO] Date to assert: Thu, Mar 6
2025-02-24 12:38:25 [INFO] Stopping test : Flight Search - Round Trip
2025-02-24 12:38:26 [INFO] Starting test : Verify if Search Flights Tab is displayed
2025-02-24 12:38:26 [INFO] Stopping test : One way Flight Search
2025-02-24 12:38:26 [INFO] Starting test : Verify if Login/Sign up btn is displayed in home page
2025-02-24 12:38:29 [INFO] Stopping test : Flight Search
2025-02-24 12:38:30 [INFO] Starting test : Hotels Tab
2025-02-24 12:38:34 [INFO] Starting test : Title Test
2025-02-24 12:38:36 [INFO] Stopping test : Verify if Login/Sign up btn is displayed in home page
2025-02-24 12:38:36 [INFO] Stopping test : Verify if Search Flights Tab is displayed
2025-02-24 12:38:40 [INFO] Stopping test : Hotels Tab
2025-02-24 12:38:48 [INFO] Stopping test : Title Test
2025-02-24 12:39:37 [INFO] Starting test : Title Test
2025-02-24 12:39:37 [INFO] Starting test : One way Flight Search
2025-02-24 12:39:37 [INFO] Starting test : Flight Search - Round Trip
2025-02-24 12:39:37 [INFO] Starting test : Flight Search
2025-02-24 12:39:46 [INFO] Date panel for departure: March 2025
2025-02-24 12:39:46 [INFO] Date to assert: Thu, Mar 6
2025-02-24 12:39:48 [INFO] Stopping test : Title Test
2025-02-24 12:39:48 [INFO] Starting test : Verify if Search Flights Tab is displayed
2025-02-24 12:39:48 [INFO] Date panel for departure: March 2025
2025-02-24 12:39:48 [INFO] Date to assert: Thu, Mar 6
2025-02-24 12:39:49 [INFO] Date panel for return: March 2025
2025-02-24 12:39:49 [INFO] Sat, Mar 8
2025-02-24 12:39:50 [INFO] Date panel for departure: March 2025
2025-02-24 12:39:50 [INFO] Date to assert: Thu, Mar 6
2025-02-24 12:39:50 [INFO] Date panel for return: March 2025
2025-02-24 12:39:50 [INFO] Sat, Mar 8
2025-02-24 12:39:55 [INFO] Stopping test : One way Flight Search
2025-02-24 12:39:55 [INFO] Starting test : Verify if Login/Sign up btn is displayed in home page
2025-02-24 12:39:58 [INFO] Stopping test : Verify if Search Flights Tab is displayed
2025-02-24 12:39:58 [INFO] Starting test : Hotels Tab
2025-02-24 12:39:58 [INFO] Stopping test : Flight Search
2025-02-24 12:39:59 [INFO] Stopping test : Flight Search - Round Trip
2025-02-24 12:40:05 [INFO] Stopping test : Verify if Login/Sign up btn is displayed in home page
2025-02-24 12:40:11 [INFO] Stopping test : Hotels Tab
2025-02-24 12:50:20 [INFO] Starting test : Title Test
2025-02-24 12:50:20 [INFO] Starting test : One way Flight Search
2025-02-24 12:50:20 [INFO] Starting test : Flight Search - Round Trip
2025-02-24 12:50:20 [INFO] Starting test : Flight Search
2025-02-24 12:50:29 [INFO] Stopping test : Title Test
2025-02-24 12:50:29 [INFO] Starting test : Verify if Search Flights Tab is displayed
2025-02-24 12:50:30 [INFO] Date panel for departure: March 2025
2025-02-24 12:50:30 [INFO] Date to assert: Thu, Mar 6
2025-02-24 12:50:32 [INFO] Date panel for departure: March 2025
2025-02-24 12:50:32 [INFO] Date to assert: Thu, Mar 6
2025-02-24 12:50:33 [INFO] Date panel for departure: March 2025
2025-02-24 12:50:33 [INFO] Date to assert: Thu, Mar 6
2025-02-24 12:50:33 [INFO] Date panel for return: March 2025
2025-02-24 12:50:33 [INFO] Sat, Mar 8
2025-02-24 12:50:33 [INFO] Date panel for return: March 2025
2025-02-24 12:50:33 [INFO] Sat, Mar 8
2025-02-24 12:50:39 [INFO] Stopping test : Verify if Search Flights Tab is displayed
2025-02-24 12:50:39 [INFO] Starting test : Verify if Login/Sign up btn is displayed in home page
2025-02-24 12:50:40 [INFO] Stopping test : One way Flight Search
2025-02-24 12:50:40 [INFO] Starting test : Hotels Tab
2025-02-24 12:50:42 [INFO] Stopping test : Flight Search - Round Trip
2025-02-24 12:50:42 [INFO] Stopping test : Flight Search
2025-02-24 12:50:48 [INFO] Stopping test : Verify if Login/Sign up btn is displayed in home page
2025-02-24 12:50:49 [INFO] Stopping test : Hotels Tab
2025-02-24 12:51:34 [INFO] Starting test : Flight Search
2025-02-24 12:51:34 [INFO] Starting test : Title Test
2025-02-24 12:51:34 [INFO] Starting test : One way Flight Search
2025-02-24 12:51:34 [INFO] Starting test : Flight Search - Round Trip
2025-02-24 12:51:41 [INFO] Date panel for departure: March 2025
2025-02-24 12:51:41 [INFO] Date to assert: Thu, Mar 6
2025-02-24 12:51:42 [INFO] Date panel for departure: March 2025
2025-02-24 12:51:42 [INFO] Date to assert: Thu, Mar 6
2025-02-24 12:51:43 [INFO] Date panel for return: March 2025
2025-02-24 12:51:43 [INFO] Sat, Mar 8
2025-02-24 12:51:44 [INFO] Stopping test : Title Test
2025-02-24 12:51:44 [INFO] Starting test : Verify if Search Flights Tab is displayed
2025-02-24 12:51:47 [INFO] Date panel for departure: March 2025
2025-02-24 12:51:47 [INFO] Date to assert: Thu, Mar 6
2025-02-24 12:51:48 [INFO] Date panel for return: March 2025
2025-02-24 12:51:48 [INFO] Sat, Mar 8
2025-02-24 12:51:50 [INFO] Stopping test : One way Flight Search
2025-02-24 12:51:50 [INFO] Starting test : Verify if Login/Sign up btn is displayed in home page
2025-02-24 12:51:52 [INFO] Stopping test : Flight Search
2025-02-24 12:51:52 [INFO] Starting test : Hotels Tab
2025-02-24 12:51:56 [INFO] Stopping test : Flight Search - Round Trip
2025-02-24 12:51:57 [INFO] Stopping test : Verify if Login/Sign up btn is displayed in home page
2025-02-24 12:51:57 [INFO] Stopping test : Verify if Search Flights Tab is displayed
2025-02-24 12:52:00 [INFO] Stopping test : Hotels Tab
2025-02-24 12:54:47 [INFO] Starting test : Flight Search - Round Trip
2025-02-24 12:54:47 [INFO] Starting test : Title Test
2025-02-24 12:54:47 [INFO] Starting test : One way Flight Search
2025-02-24 12:54:47 [INFO] Starting test : Flight Search
2025-02-24 12:54:54 [INFO] Date panel for departure: March 2025
2025-02-24 12:54:54 [INFO] Date to assert: Thu, Mar 6
2025-02-24 12:54:54 [INFO] Date panel for return: March 2025
2025-02-24 12:54:54 [INFO] Sat, Mar 8
2025-02-24 12:54:55 [INFO] Stopping test : Title Test
2025-02-24 12:54:55 [INFO] Starting test : Verify if Search Flights Tab is displayed
2025-02-24 12:54:58 [INFO] Date panel for departure: March 2025
2025-02-24 12:54:58 [INFO] Date to assert: Thu, Mar 6
2025-02-24 12:54:58 [INFO] Date panel for return: March 2025
2025-02-24 12:54:58 [INFO] Sat, Mar 8
2025-02-24 12:55:03 [INFO] Stopping test : Flight Search - Round Trip
2025-02-24 12:55:03 [INFO] Starting test : Verify if Login/Sign up btn is displayed in home page
2025-02-24 12:55:08 [INFO] Stopping test : Flight Search
2025-02-24 12:55:08 [INFO] Starting test : Hotels Tab
2025-02-24 12:55:15 [INFO] Stopping test : Verify if Login/Sign up btn is displayed in home page
2025-02-24 12:55:17 [INFO] Starting test : One way Flight Search
2025-02-24 12:55:26 [INFO] Starting test : Verify if Search Flights Tab is displayed
2025-02-24 12:55:35 [INFO] Stopping test : Verify if Search Flights Tab is displayed
2025-02-24 12:55:38 [INFO] Starting test : Hotels Tab
2025-02-24 12:55:51 [INFO] Stopping test : Hotels Tab
2025-02-24 12:57:08 [INFO] Starting test : One way Flight Search
2025-02-24 12:57:08 [INFO] Starting test : Flight Search - Round Trip
2025-02-24 12:57:08 [INFO] Starting test : Flight Search
2025-02-24 12:57:08 [INFO] Starting test : Title Test
2025-02-24 12:57:16 [INFO] Date panel for departure: March 2025
2025-02-24 12:57:16 [INFO] Date to assert: Thu, Mar 6
2025-02-24 12:57:16 [INFO] Date panel for departure: March 2025
2025-02-24 12:57:16 [INFO] Date to assert: Thu, Mar 6
2025-02-24 12:57:17 [INFO] Date panel for return: March 2025
2025-02-24 12:57:17 [INFO] Sat, Mar 8
2025-02-24 12:57:17 [INFO] Starting test : Title Test
2025-02-24 12:57:24 [INFO] Starting test : Verify if Search Flights Tab is displayed
2025-02-24 12:57:26 [INFO] Starting test : One way Flight Search
2025-02-24 12:57:27 [INFO] Starting test : Flight Search
2025-02-24 12:57:36 [INFO] Starting test : Verify if Search Flights Tab is displayed
2025-02-24 12:57:38 [INFO] Date panel for departure: March 2025
2025-02-24 12:57:38 [INFO] Date to assert: Thu, Mar 6
2025-02-24 12:57:38 [INFO] Date panel for return: March 2025
2025-02-24 12:57:38 [INFO] Sat, Mar 8
2025-02-24 12:57:39 [INFO] Starting test : Flight Search - Round Trip
2025-02-24 12:57:39 [INFO] Date panel for departure: March 2025
2025-02-24 12:57:39 [INFO] Date to assert: Thu, Mar 6
2025-02-24 12:57:46 [INFO] Starting test : Verify if Login/Sign up btn is displayed in home page
2025-02-24 12:57:49 [INFO] Date panel for departure: March 2025
2025-02-24 12:57:49 [INFO] Date to assert: Thu, Mar 6
2025-02-24 12:57:50 [INFO] Date panel for return: March 2025
2025-02-24 12:57:50 [INFO] Sat, Mar 8
2025-02-24 12:57:50 [INFO] Starting test : Hotels Tab
2025-02-24 12:57:56 [INFO] Starting test : Verify if Login/Sign up btn is displayed in home page
2025-02-24 12:58:00 [INFO] Starting test : Hotels Tab
2025-02-24 13:01:33 [INFO] Starting test : One way Flight Search
2025-02-24 13:01:33 [INFO] Starting test : Flight Search
2025-02-24 13:01:33 [INFO] Starting test : Title Test
2025-02-24 13:01:33 [INFO] Starting test : Flight Search - Round Trip
2025-02-24 13:01:39 [INFO] Date panel for departure: March 2025
2025-02-24 13:01:39 [INFO] Date to assert: Thu, Mar 6
2025-02-24 13:01:40 [INFO] Date panel for return: March 2025
2025-02-24 13:01:40 [INFO] Sat, Mar 8
2025-02-24 13:01:40 [INFO] Date panel for departure: March 2025
2025-02-24 13:01:40 [INFO] Date to assert: Thu, Mar 6
2025-02-24 13:01:41 [INFO] Date panel for departure: March 2025
2025-02-24 13:01:41 [INFO] Date to assert: Thu, Mar 6
2025-02-24 13:01:42 [INFO] Date panel for return: March 2025
2025-02-24 13:01:42 [INFO] Sat, Mar 8
2025-02-24 13:01:45 [INFO] Stopping test : Title Test
2025-02-24 13:01:45 [INFO] Starting test : Verify if Search Flights Tab is displayed
2025-02-24 13:01:49 [INFO] Stopping test : Flight Search
2025-02-24 13:01:49 [INFO] Stopping test : One way Flight Search
2025-02-24 13:01:49 [INFO] Starting test : Verify if Login/Sign up btn is displayed in home page
2025-02-24 13:01:49 [INFO] Starting test : Hotels Tab
2025-02-24 13:01:51 [INFO] Stopping test : Flight Search - Round Trip
2025-02-24 13:01:52 [INFO] Stopping test : Verify if Search Flights Tab is displayed
2025-02-24 13:01:55 [INFO] Stopping test : Verify if Login/Sign up btn is displayed in home page
2025-02-24 13:02:01 [INFO] Stopping test : Hotels Tab
2025-02-24 13:02:48 [INFO] Starting test : Flight Search
2025-02-24 13:02:48 [INFO] Starting test : Title Test
2025-02-24 13:02:48 [INFO] Starting test : Flight Search - Round Trip
2025-02-24 13:02:48 [INFO] Starting test : One way Flight Search
2025-02-24 13:02:56 [INFO] Stopping test : Title Test
2025-02-24 13:02:56 [INFO] Starting test : Verify if Search Flights Tab is displayed
2025-02-24 13:02:59 [INFO] Date panel for departure: March 2025
2025-02-24 13:02:59 [INFO] Date to assert: Thu, Mar 6
2025-02-24 13:02:59 [INFO] Date panel for departure: March 2025
2025-02-24 13:02:59 [INFO] Date to assert: Thu, Mar 6
2025-02-24 13:02:59 [INFO] Date panel for return: March 2025
2025-02-24 13:02:59 [INFO] Sat, Mar 8
2025-02-24 13:03:04 [INFO] Date panel for departure: March 2025
2025-02-24 13:03:04 [INFO] Date to assert: Thu, Mar 6
2025-02-24 13:03:04 [INFO] Stopping test : Verify if Search Flights Tab is displayed
2025-02-24 13:03:04 [INFO] Starting test : Verify if Login/Sign up btn is displayed in home page
2025-02-24 13:03:04 [INFO] Date panel for return: March 2025
2025-02-24 13:03:04 [INFO] Sat, Mar 8
2025-02-24 13:03:07 [INFO] Stopping test : One way Flight Search
2025-02-24 13:03:07 [INFO] Starting test : Hotels Tab
2025-02-24 13:03:12 [INFO] Stopping test : Verify if Login/Sign up btn is displayed in home page
2025-02-24 13:03:13 [INFO] Stopping test : Flight Search - Round Trip
2025-02-24 13:03:13 [INFO] Stopping test : Flight Search
2025-02-24 13:03:15 [INFO] Stopping test : Hotels Tab
2025-02-24 14:25:53 [INFO] Starting test : Flight Search - Round Trip
2025-02-24 14:25:53 [INFO] Starting test : Title Test
2025-02-24 14:25:53 [INFO] Starting test : One way Flight Search
2025-02-24 14:25:53 [INFO] Starting test : Flight Search
2025-02-24 14:26:05 [INFO] Date panel for departure: March 2025
2025-02-24 14:26:05 [INFO] Date to assert: Thu, Mar 6
2025-02-24 14:26:05 [INFO] Date panel for return: March 2025
2025-02-24 14:26:05 [INFO] Sat, Mar 8
2025-02-24 14:26:06 [INFO] Date panel for departure: March 2025
2025-02-24 14:26:06 [INFO] Date to assert: Thu, Mar 6
2025-02-24 14:26:07 [INFO] Stopping test : Title Test
2025-02-24 14:26:07 [INFO] Starting test : Verify if Search Flights Tab is displayed
2025-02-24 14:26:07 [INFO] Date panel for departure: March 2025
2025-02-24 14:26:07 [INFO] Date to assert: Thu, Mar 6
2025-02-24 14:26:08 [INFO] Date panel for return: March 2025
2025-02-24 14:26:08 [INFO] Sat, Mar 8
2025-02-24 14:26:16 [INFO] Stopping test : Verify if Search Flights Tab is displayed
2025-02-24 14:26:16 [INFO] Starting test : Verify if Login/Sign up btn is displayed in home page
2025-02-24 14:26:18 [INFO] Stopping test : Flight Search
2025-02-24 14:26:18 [INFO] Starting test : Hotels Tab
2025-02-24 14:26:19 [INFO] Stopping test : Flight Search - Round Trip
2025-02-24 14:26:21 [INFO] Stopping test : One way Flight Search
2025-02-24 14:26:28 [INFO] Stopping test : Hotels Tab
2025-02-24 14:26:30 [INFO] Stopping test : Verify if Login/Sign up btn is displayed in home page
2025-02-24 14:27:23 [INFO] Starting test : Title Test
2025-02-24 14:27:23 [INFO] Starting test : Flight Search
2025-02-24 14:27:23 [INFO] Starting test : Flight Search - Round Trip
2025-02-24 14:27:23 [INFO] Starting test : One way Flight Search
2025-02-24 14:27:34 [INFO] Stopping test : Title Test
2025-02-24 14:27:34 [INFO] Starting test : Verify if Search Flights Tab is displayed
2025-02-24 14:27:34 [INFO] Date panel for departure: March 2025
2025-02-24 14:27:34 [INFO] Date to assert: Thu, Mar 6
2025-02-24 14:27:34 [INFO] Date panel for return: March 2025
2025-02-24 14:27:34 [INFO] Sat, Mar 8
2025-02-24 14:27:34 [INFO] Date panel for departure: March 2025
2025-02-24 14:27:34 [INFO] Date to assert: Thu, Mar 6
2025-02-24 14:27:36 [INFO] Date panel for departure: March 2025
2025-02-24 14:27:36 [INFO] Date to assert: Thu, Mar 6
2025-02-24 14:27:36 [INFO] Date panel for return: March 2025
2025-02-24 14:27:36 [INFO] Sat, Mar 8
2025-02-24 14:27:43 [INFO] Stopping test : Verify if Search Flights Tab is displayed
2025-02-24 14:27:43 [INFO] Starting test : Verify if Login/Sign up btn is displayed in home page
2025-02-24 14:27:46 [INFO] Stopping test : One way Flight Search
2025-02-24 14:27:47 [INFO] Starting test : Hotels Tab
2025-02-24 14:27:51 [INFO] Stopping test : Flight Search - Round Trip
2025-02-24 14:27:53 [INFO] Stopping test : Flight Search
2025-02-24 14:27:53 [INFO] Starting test : Flight Search
2025-02-24 14:27:56 [INFO] Stopping test : Verify if Login/Sign up btn is displayed in home page
2025-02-24 14:27:59 [INFO] Stopping test : Hotels Tab
2025-02-24 14:28:04 [INFO] Date panel for departure: March 2025
2025-02-24 14:28:04 [INFO] Date to assert: Thu, Mar 6
2025-02-24 14:28:04 [INFO] Date panel for return: March 2025
2025-02-24 14:28:04 [INFO] Sat, Mar 8
2025-02-24 14:28:19 [INFO] Stopping test : Flight Search
2025-02-24 14:35:44 [INFO] Starting test : Title Test
2025-02-24 14:35:44 [INFO] Starting test : Flight Search - Round Trip
2025-02-24 14:35:44 [INFO] Starting test : One way Flight Search
2025-02-24 14:35:44 [INFO] Starting test : Flight Search
2025-02-24 14:35:53 [INFO] Stopping test : Title Test
2025-02-24 14:35:53 [INFO] Starting test : Verify if Search Flights Tab is displayed
2025-02-24 14:35:57 [INFO] Date panel for departure: March 2025
2025-02-24 14:35:57 [INFO] Date to assert: Thu, Mar 6
2025-02-24 14:35:57 [INFO] Date panel for departure: March 2025
2025-02-24 14:35:57 [INFO] Date to assert: Thu, Mar 6
2025-02-24 14:35:57 [INFO] Date panel for return: March 2025
2025-02-24 14:35:57 [INFO] Sat, Mar 8
2025-02-24 14:35:58 [INFO] Date panel for departure: March 2025
2025-02-24 14:35:58 [INFO] Date to assert: Thu, Mar 6
2025-02-24 14:35:58 [INFO] Date panel for return: March 2025
2025-02-24 14:35:58 [INFO] Sat, Mar 8
2025-02-24 14:36:00 [INFO] Stopping test : Verify if Search Flights Tab is displayed
2025-02-24 14:36:00 [INFO] Starting test : Verify if Login/Sign up btn is displayed in home page
2025-02-24 14:36:03 [INFO] Stopping test : One way Flight Search
2025-02-24 14:36:03 [INFO] Starting test : Hotels Tab
2025-02-24 14:36:03 [INFO] Stopping test : Flight Search - Round Trip
2025-02-24 14:36:06 [INFO] Stopping test : Verify if Login/Sign up btn is displayed in home page
2025-02-24 14:36:09 [INFO] Stopping test : Hotels Tab
2025-02-24 14:36:11 [INFO] Stopping test : Flight Search
2025-02-24 14:37:01 [INFO] Starting test : Title Test
2025-02-24 14:37:01 [INFO] Starting test : One way Flight Search
2025-02-24 14:37:01 [INFO] Starting test : Flight Search - Round Trip
2025-02-24 14:37:01 [INFO] Starting test : Flight Search
2025-02-24 14:37:12 [INFO] Date panel for departure: March 2025
2025-02-24 14:37:12 [INFO] Date to assert: Thu, Mar 6
2025-02-24 14:37:12 [INFO] Stopping test : Title Test
2025-02-24 14:37:12 [INFO] Starting test : Verify if Search Flights Tab is displayed
2025-02-24 14:37:12 [INFO] Date panel for return: March 2025
2025-02-24 14:37:12 [INFO] Sat, Mar 8
2025-02-24 14:37:12 [INFO] Date panel for departure: March 2025
2025-02-24 14:37:12 [INFO] Date panel for departure: March 2025
2025-02-24 14:37:12 [INFO] Date to assert: Thu, Mar 6
2025-02-24 14:37:12 [INFO] Date to assert: Thu, Mar 6
2025-02-24 14:37:13 [INFO] Date panel for return: March 2025
2025-02-24 14:37:13 [INFO] Sat, Mar 8
2025-02-24 14:37:19 [INFO] Stopping test : Flight Search - Round Trip
2025-02-24 14:37:20 [INFO] Starting test : Verify if Login/Sign up btn is displayed in home page
2025-02-24 14:37:20 [INFO] Stopping test : Flight Search
2025-02-24 14:37:20 [INFO] Starting test : Hotels Tab
2025-02-24 14:37:21 [INFO] Stopping test : One way Flight Search
2025-02-24 14:37:24 [INFO] Stopping test : Verify if Search Flights Tab is displayed
2025-02-24 14:37:30 [INFO] Stopping test : Verify if Login/Sign up btn is displayed in home page
2025-02-24 14:37:32 [INFO] Stopping test : Hotels Tab
2025-02-24 14:40:14 [INFO] Starting test : Flight Search
2025-02-24 14:40:14 [INFO] Starting test : Flight Search - Round Trip
2025-02-24 14:40:14 [INFO] Starting test : Title Test
2025-02-24 14:40:14 [INFO] Starting test : One way Flight Search
2025-02-24 14:40:29 [INFO] Date panel for departure: March 2025
2025-02-24 14:40:29 [INFO] Date to assert: Thu, Mar 6
2025-02-24 14:40:30 [INFO] Date panel for departure: March 2025
2025-02-24 14:40:30 [INFO] Date to assert: Thu, Mar 6
2025-02-24 14:40:30 [INFO] Date panel for return: March 2025
2025-02-24 14:40:30 [INFO] Sat, Mar 8
2025-02-24 14:40:31 [INFO] Stopping test : Title Test
2025-02-24 14:40:31 [INFO] Starting test : Verify if Search Flights Tab is displayed
2025-02-24 14:40:39 [INFO] Stopping test : Verify if Search Flights Tab is displayed
2025-02-24 14:40:40 [INFO] Starting test : Verify if Login/Sign up btn is displayed in home page
2025-02-24 14:40:41 [INFO] Stopping test : One way Flight Search
2025-02-24 14:40:41 [INFO] Starting test : Hotels Tab
2025-02-24 14:40:44 [INFO] Stopping test : Flight Search
2025-02-24 14:40:44 [INFO] Starting test : Flight Search - Round Trip
2025-02-24 14:40:48 [INFO] Stopping test : Verify if Login/Sign up btn is displayed in home page
2025-02-24 14:41:12 [INFO] Starting test : Hotels Tab
2025-02-24 14:41:14 [INFO] Stopping test : Flight Search - Round Trip
2025-02-24 14:41:18 [INFO] Stopping test : Hotels Tab
2025-02-24 14:41:44 [INFO] Starting test : Flight Search - Round Trip
2025-02-24 14:41:44 [INFO] Starting test : Title Test
2025-02-24 14:41:44 [INFO] Starting test : Flight Search
2025-02-24 14:41:44 [INFO] Starting test : One way Flight Search
2025-02-24 14:41:50 [INFO] Stopping test : Title Test
2025-02-24 14:41:51 [INFO] Date panel for departure: March 2025
2025-02-24 14:41:51 [INFO] Date to assert: Thu, Mar 6
2025-02-24 14:41:51 [INFO] Starting test : Verify if Search Flights Tab is displayed
2025-02-24 14:41:51 [INFO] Date panel for return: March 2025
2025-02-24 14:41:51 [INFO] Sat, Mar 8
2025-02-24 14:41:52 [INFO] Date panel for departure: March 2025
2025-02-24 14:41:52 [INFO] Date to assert: Thu, Mar 6
2025-02-24 14:41:53 [INFO] Date panel for departure: March 2025
2025-02-24 14:41:53 [INFO] Date to assert: Thu, Mar 6
2025-02-24 14:41:53 [INFO] Date panel for return: March 2025
2025-02-24 14:41:53 [INFO] Sat, Mar 8
2025-02-24 14:41:56 [INFO] Stopping test : Verify if Search Flights Tab is displayed
2025-02-24 14:41:56 [INFO] Starting test : Verify if Login/Sign up btn is displayed in home page
2025-02-24 14:41:57 [INFO] Stopping test : One way Flight Search
2025-02-24 14:41:57 [INFO] Starting test : Hotels Tab
2025-02-24 14:41:57 [INFO] Stopping test : Flight Search - Round Trip
2025-02-24 14:42:00 [INFO] Stopping test : Flight Search
2025-02-24 14:42:02 [INFO] Stopping test : Verify if Login/Sign up btn is displayed in home page
2025-02-24 14:42:03 [INFO] Stopping test : Hotels Tab
2025-02-24 14:43:44 [INFO] Starting test : Title Test
2025-02-24 14:43:44 [INFO] Starting test : Flight Search
2025-02-24 14:43:44 [INFO] Starting test : Flight Search - Round Trip
2025-02-24 14:43:44 [INFO] Starting test : One way Flight Search
2025-02-24 14:43:51 [INFO] Stopping test : Title Test
2025-02-24 14:43:51 [INFO] Starting test : Verify if Search Flights Tab is displayed
2025-02-24 14:43:52 [INFO] Date panel for departure: March 2025
2025-02-24 14:43:52 [INFO] Date to assert: Thu, Mar 6
2025-02-24 14:43:53 [INFO] Date panel for departure: March 2025
2025-02-24 14:43:53 [INFO] Date to assert: Thu, Mar 6
2025-02-24 14:43:53 [INFO] Date panel for return: March 2025
2025-02-24 14:43:53 [INFO] Sat, Mar 8
2025-02-24 14:43:57 [INFO] Stopping test : Verify if Search Flights Tab is displayed
2025-02-24 14:43:57 [INFO] Starting test : Verify if Login/Sign up btn is displayed in home page
2025-02-24 14:43:59 [INFO] Stopping test : One way Flight Search
2025-02-24 14:43:59 [INFO] Starting test : Hotels Tab
2025-02-24 14:44:02 [INFO] Stopping test : Verify if Login/Sign up btn is displayed in home page
2025-02-24 14:44:03 [INFO] Stopping test : Flight Search
2025-02-24 14:44:05 [INFO] Stopping test : Hotels Tab
2025-02-24 14:44:14 [INFO] Starting test : Flight Search - Round Trip
2025-02-24 14:44:20 [INFO] Date panel for departure: March 2025
2025-02-24 14:44:20 [INFO] Date to assert: Thu, Mar 6
2025-02-24 14:44:21 [INFO] Date panel for return: March 2025
2025-02-24 14:44:21 [INFO] Sat, Mar 8
2025-02-24 14:44:32 [INFO] Stopping test : Flight Search - Round Trip
2025-02-24 14:44:50 [INFO] Starting test : Title Test
2025-02-24 14:44:50 [INFO] Starting test : Flight Search
2025-02-24 14:44:50 [INFO] Starting test : Flight Search - Round Trip
2025-02-24 14:44:50 [INFO] Starting test : One way Flight Search
2025-02-24 14:44:55 [INFO] Stopping test : Title Test
2025-02-24 14:44:56 [INFO] Date panel for departure: March 2025
2025-02-24 14:44:56 [INFO] Date to assert: Thu, Mar 6
2025-02-24 14:44:56 [INFO] Starting test : Verify if Search Flights Tab is displayed
2025-02-24 14:44:56 [INFO] Date panel for return: March 2025
2025-02-24 14:44:56 [INFO] Sat, Mar 8
2025-02-24 14:44:59 [INFO] Date panel for departure: March 2025
2025-02-24 14:44:59 [INFO] Date to assert: Thu, Mar 6
2025-02-24 14:45:05 [INFO] Stopping test : Flight Search
2025-02-24 14:45:06 [INFO] Starting test : Flight Search
2025-02-24 14:45:09 [INFO] Stopping test : One way Flight Search
2025-02-24 14:45:09 [INFO] Starting test : One way Flight Search
2025-02-24 14:45:20 [INFO] Starting test : Flight Search - Round Trip
2025-02-24 14:45:26 [INFO] Starting test : Verify if Search Flights Tab is displayed
2025-02-24 14:45:37 [INFO] Starting test : Verify if Login/Sign up btn is displayed in home page
2025-02-24 14:45:40 [INFO] Starting test : Hotels Tab
2025-02-24 14:46:08 [INFO] Starting test : Verify if Login/Sign up btn is displayed in home page
2025-02-24 14:46:11 [INFO] Starting test : Hotels Tab
2025-02-24 14:46:30 [INFO] Stopping test : Hotels Tab
2025-02-24 14:46:33 [INFO] Stopping test : Verify if Login/Sign up btn is displayed in home page
2025-02-24 14:47:57 [INFO] Starting test : Title Test
2025-02-24 14:47:57 [INFO] Starting test : Flight Search - Round Trip
2025-02-24 14:47:57 [INFO] Starting test : One way Flight Search
2025-02-24 14:47:57 [INFO] Starting test : Flight Search
2025-02-24 14:48:06 [INFO] Stopping test : Title Test
2025-02-24 14:48:06 [INFO] Starting test : Verify if Search Flights Tab is displayed
2025-02-24 14:48:06 [INFO] Date panel for departure: March 2025
2025-02-24 14:48:06 [INFO] Date to assert: Thu, Mar 6
2025-02-24 14:48:07 [INFO] Date panel for departure: March 2025
2025-02-24 14:48:07 [INFO] Date to assert: Thu, Mar 6
2025-02-24 14:48:08 [INFO] Date panel for return: March 2025
2025-02-24 14:48:08 [INFO] Sat, Mar 8
2025-02-24 14:48:09 [INFO] Date panel for departure: March 2025
2025-02-24 14:48:09 [INFO] Date to assert: Thu, Mar 6
2025-02-24 14:48:09 [INFO] Date panel for return: March 2025
2025-02-24 14:48:09 [INFO] Sat, Mar 8
2025-02-24 14:48:14 [INFO] Stopping test : Verify if Search Flights Tab is displayed
2025-02-24 14:48:15 [INFO] Starting test : Verify if Login/Sign up btn is displayed in home page
2025-02-24 14:48:16 [INFO] Stopping test : One way Flight Search
2025-02-24 14:48:17 [INFO] Stopping test : Flight Search
2025-02-24 14:48:17 [INFO] Starting test : One way Flight Search
2025-02-24 14:48:18 [INFO] Starting test : Flight Search
2025-02-24 14:48:19 [INFO] Stopping test : Flight Search - Round Trip
2025-02-24 14:48:22 [INFO] Starting test : Flight Search - Round Trip
2025-02-24 14:48:26 [INFO] Stopping test : Verify if Login/Sign up btn is displayed in home page
2025-02-24 14:48:27 [INFO] Starting test : Hotels Tab
2025-02-24 14:48:28 [INFO] Date panel for departure: March 2025
2025-02-24 14:48:28 [INFO] Date to assert: Thu, Mar 6
2025-02-24 14:48:29 [INFO] Date panel for departure: March 2025
2025-02-24 14:48:29 [INFO] Date to assert: Thu, Mar 6
2025-02-24 14:48:29 [INFO] Date panel for return: March 2025
2025-02-24 14:48:29 [INFO] Sat, Mar 8
2025-02-24 14:48:33 [INFO] Date panel for departure: March 2025
2025-02-24 14:48:33 [INFO] Date to assert: Thu, Mar 6
2025-02-24 14:48:34 [INFO] Date panel for return: March 2025
2025-02-24 14:48:34 [INFO] Sat, Mar 8
2025-02-24 14:48:38 [INFO] Stopping test : Hotels Tab
2025-02-24 14:48:41 [INFO] Stopping test : One way Flight Search
2025-02-24 14:48:41 [INFO] Stopping test : Flight Search
2025-02-24 14:48:45 [INFO] Stopping test : Flight Search - Round Trip
2025-02-24 14:49:49 [INFO] Starting test : Title Test
2025-02-24 14:49:49 [INFO] Starting test : Flight Search - Round Trip
2025-02-24 14:49:49 [INFO] Starting test : One way Flight Search
2025-02-24 14:49:50 [INFO] Starting test : Flight Search
2025-02-24 14:50:02 [INFO] Stopping test : Title Test
2025-02-24 14:50:02 [INFO] Date panel for departure: March 2025
2025-02-24 14:50:02 [INFO] Date to assert: Thu, Mar 6
2025-02-24 14:50:03 [INFO] Starting test : Verify if Search Flights Tab is displayed
2025-02-24 14:50:03 [INFO] Date panel for departure: March 2025
2025-02-24 14:50:03 [INFO] Date to assert: Thu, Mar 6
2025-02-24 14:50:03 [INFO] Date panel for return: March 2025
2025-02-24 14:50:03 [INFO] Sat, Mar 8
2025-02-24 14:50:07 [INFO] Date panel for departure: March 2025
2025-02-24 14:50:07 [INFO] Date to assert: Thu, Mar 6
2025-02-24 14:50:08 [INFO] Date panel for return: March 2025
2025-02-24 14:50:08 [INFO] Sat, Mar 8
2025-02-24 14:50:11 [INFO] Stopping test : Verify if Search Flights Tab is displayed
2025-02-24 14:50:11 [INFO] Starting test : Verify if Login/Sign up btn is displayed in home page
2025-02-24 14:50:14 [INFO] Stopping test : One way Flight Search
2025-02-24 14:50:15 [INFO] Stopping test : Flight Search
2025-02-24 14:50:17 [INFO] Starting test : Flight Search
2025-02-24 14:50:17 [INFO] Starting test : One way Flight Search
2025-02-24 14:50:18 [INFO] Stopping test : Flight Search - Round Trip
2025-02-24 14:50:19 [INFO] Starting test : Flight Search - Round Trip
2025-02-24 14:50:29 [INFO] Stopping test : One way Flight Search
2025-02-24 14:50:31 [INFO] Starting test : Hotels Tab
2025-02-24 14:50:44 [INFO] Starting test : Verify if Login/Sign up btn is displayed in home page
2025-02-24 14:51:02 [INFO] Starting test : Hotels Tab
2025-02-24 15:40:13 [INFO] Starting test : One way Flight Search
2025-02-24 15:40:13 [INFO] Starting test : Flight Search - Round Trip
2025-02-24 15:40:13 [INFO] Starting test : Title Test
2025-02-24 15:40:14 [INFO] Starting test : Flight Search
2025-02-24 15:40:22 [INFO] Stopping test : Title Test
2025-02-24 15:40:23 [INFO] Starting test : Verify if Search Flights Tab is displayed
2025-02-24 15:40:23 [INFO] Date panel for departure: March 2025
2025-02-24 15:40:23 [INFO] Date to assert: Thu, Mar 6
2025-02-24 15:40:24 [INFO] Date panel for return: March 2025
2025-02-24 15:40:24 [INFO] Sat, Mar 8
2025-02-24 15:40:24 [INFO] Date panel for departure: March 2025
2025-02-24 15:40:24 [INFO] Date to assert: Thu, Mar 6
2025-02-24 15:40:24 [INFO] Date panel for departure: March 2025
2025-02-24 15:40:24 [INFO] Date to assert: Thu, Mar 6
2025-02-24 15:40:24 [INFO] Date panel for return: March 2025
2025-02-24 15:40:24 [INFO] Sat, Mar 8
2025-02-24 15:40:31 [INFO] Stopping test : Verify if Search Flights Tab is displayed
2025-02-24 15:40:32 [INFO] Starting test : Verify if Login/Sign up btn is displayed in home page
2025-02-24 15:40:36 [INFO] Stopping test : Flight Search - Round Trip
2025-02-24 15:40:36 [INFO] Stopping test : One way Flight Search
2025-02-24 15:40:36 [INFO] Starting test : Hotels Tab
2025-02-24 15:40:37 [INFO] Starting test :  Search button is visible
2025-02-24 15:40:37 [INFO] Stopping test : Flight Search
2025-02-24 15:40:38 [INFO] Stopping test : Verify if Login/Sign up btn is displayed in home page
2025-02-24 15:40:46 [INFO] Stopping test : Hotels Tab
2025-02-24 15:40:50 [INFO] Stopping test :  Search button is visible
2025-02-24 15:40:50 [INFO] Starting test :  Search button is visible
2025-02-24 15:41:03 [INFO] Stopping test :  Search button is visible
2025-02-24 15:43:21 [INFO] Starting test : One way Flight Search
2025-02-24 15:43:21 [INFO] Starting test : Flight Search - Round Trip
2025-02-24 15:43:21 [INFO] Starting test : Title Test
2025-02-24 15:43:21 [INFO] Starting test : Flight Search
2025-02-24 15:43:28 [INFO] Date panel for departure: March 2025
2025-02-24 15:43:28 [INFO] Date to assert: Thu, Mar 6
2025-02-24 15:43:31 [INFO] Stopping test : Title Test
2025-02-24 15:43:31 [INFO] Starting test : Verify if Search Flights Tab is displayed
2025-02-24 15:43:33 [INFO] Date panel for departure: March 2025
2025-02-24 15:43:33 [INFO] Date to assert: Thu, Mar 6
2025-02-24 15:43:33 [INFO] Date panel for return: March 2025
2025-02-24 15:43:33 [INFO] Sat, Mar 8
2025-02-24 15:43:35 [INFO] Stopping test : One way Flight Search
2025-02-24 15:43:35 [INFO] Starting test : Verify if Login/Sign up btn is displayed in home page
2025-02-24 15:43:41 [INFO] Stopping test : Verify if Search Flights Tab is displayed
2025-02-24 15:43:41 [INFO] Starting test : Hotels Tab
2025-02-24 15:43:42 [INFO] Stopping test : Flight Search - Round Trip
2025-02-24 15:43:42 [INFO] Starting test :  Search button is visible
2025-02-24 15:43:45 [INFO] Stopping test : Verify if Login/Sign up btn is displayed in home page
2025-02-24 15:43:50 [INFO] Stopping test : Hotels Tab
2025-02-24 15:43:51 [INFO] Stopping test :  Search button is visible
2025-02-24 15:43:51 [INFO] Starting test : Flight Search
2025-02-24 15:44:00 [INFO] Date panel for departure: March 2025
2025-02-24 15:44:00 [INFO] Date to assert: Thu, Mar 6
2025-02-24 15:44:00 [INFO] Date panel for return: March 2025
2025-02-24 15:44:00 [INFO] Sat, Mar 8
2025-02-24 15:44:10 [INFO] Stopping test : Flight Search
2025-02-24 17:06:35 [INFO] Starting test : One way Flight Search
2025-02-24 17:06:35 [INFO] Starting test : Flight Search
2025-02-24 17:06:35 [INFO] Starting test : Title Test
2025-02-24 17:06:35 [INFO] Starting test : Flight Search - Round Trip
2025-02-24 17:06:45 [INFO] Date panel for departure: March 2025
2025-02-24 17:06:45 [INFO] Date to assert: Thu, Mar 6
2025-02-24 17:06:45 [INFO] Date panel for return: March 2025
2025-02-24 17:06:45 [INFO] Sat, Mar 8
2025-02-24 17:06:45 [INFO] Date panel for departure: March 2025
2025-02-24 17:06:45 [INFO] Date to assert: Thu, Mar 6
2025-02-24 17:06:45 [INFO] Date panel for return: March 2025
2025-02-24 17:06:45 [INFO] Sat, Mar 8
2025-02-24 17:06:46 [INFO] Date panel for departure: March 2025
2025-02-24 17:06:46 [INFO] Date to assert: Thu, Mar 6
2025-02-24 17:06:48 [INFO] Stopping test : Title Test
2025-02-24 17:06:48 [INFO] Starting test : Verify if Search Flights Tab is displayed
2025-02-24 17:06:51 [INFO] Stopping test : Flight Search
2025-02-24 17:06:52 [INFO] Stopping test : Flight Search - Round Trip
2025-02-24 17:06:52 [INFO] Starting test : Verify if Login/Sign up btn is displayed in home page
2025-02-24 17:06:52 [INFO] Starting test : Hotels Tab
2025-02-24 17:06:52 [INFO] Stopping test : One way Flight Search
2025-02-24 17:06:54 [INFO] Starting test : One way Flight Search
2025-02-24 17:06:56 [INFO] Stopping test : Verify if Search Flights Tab is displayed
2025-02-24 17:06:57 [INFO] Starting test :  Search button is visible
2025-02-24 17:06:59 [INFO] Stopping test : Hotels Tab
2025-02-24 17:07:00 [INFO] Stopping test : Verify if Login/Sign up btn is displayed in home page
2025-02-24 17:07:02 [INFO] Date panel for departure: March 2025
2025-02-24 17:07:02 [INFO] Date to assert: Thu, Mar 6
2025-02-24 17:07:06 [INFO] Stopping test :  Search button is visible
2025-02-24 17:07:08 [INFO] Stopping test : One way Flight Search
2025-02-24 17:09:28 [INFO] Starting test : Flight Search - Round Trip
2025-02-24 17:09:28 [INFO] Starting test : Flight Search
2025-02-24 17:09:28 [INFO] Starting test : One way Flight Search
2025-02-24 17:09:28 [INFO] Starting test : Title Test
2025-02-24 17:09:36 [INFO] Stopping test : Title Test
2025-02-24 17:09:36 [INFO] Starting test : Verify if Search Flights Tab is displayed
2025-02-24 17:09:37 [INFO] Date panel for departure: March 2025
2025-02-24 17:09:37 [INFO] Date to assert: Thu, Mar 6
2025-02-24 17:09:38 [INFO] Date panel for departure: March 2025
2025-02-24 17:09:38 [INFO] Date to assert: Thu, Mar 6
2025-02-24 17:09:38 [INFO] Date panel for return: March 2025
2025-02-24 17:09:38 [INFO] Sat, Mar 8
2025-02-24 17:09:40 [INFO] Date panel for departure: March 2025
2025-02-24 17:09:40 [INFO] Date to assert: Thu, Mar 6
2025-02-24 17:09:40 [INFO] Date panel for return: March 2025
2025-02-24 17:09:40 [INFO] Sat, Mar 8
2025-02-24 17:09:41 [INFO] Stopping test : Verify if Search Flights Tab is displayed
2025-02-24 17:09:41 [INFO] Starting test : Verify if Login/Sign up btn is displayed in home page
2025-02-24 17:09:45 [INFO] Stopping test : One way Flight Search
2025-02-24 17:09:45 [INFO] Starting test : Hotels Tab
2025-02-24 17:09:46 [INFO] Stopping test : Flight Search - Round Trip
2025-02-24 17:09:47 [INFO] Starting test :  Search button is visible
2025-02-24 17:09:48 [INFO] Stopping test : Flight Search
2025-02-24 17:09:49 [INFO] Stopping test : Verify if Login/Sign up btn is displayed in home page
2025-02-24 17:09:51 [INFO] Stopping test : Hotels Tab
2025-02-24 17:09:53 [INFO] Stopping test :  Search button is visible
2025-02-24 17:15:13 [INFO] Starting test : Title Test
2025-02-24 17:15:13 [INFO] Starting test : Flight Search - Round Trip
2025-02-24 17:15:13 [INFO] Starting test : Flight Search
2025-02-24 17:15:13 [INFO] Starting test : One way Flight Search
2025-02-24 17:15:21 [INFO] Date panel for departure: March 2025
2025-02-24 17:15:21 [INFO] Date to assert: Thu, Mar 6
2025-02-24 17:15:21 [INFO] Date panel for return: March 2025
2025-02-24 17:15:21 [INFO] Sat, Mar 8
2025-02-24 17:15:22 [INFO] Date panel for departure: March 2025
2025-02-24 17:15:22 [INFO] Date to assert: Thu, Mar 6
2025-02-24 17:15:22 [INFO] Date panel for departure: March 2025
2025-02-24 17:15:22 [INFO] Date to assert: Thu, Mar 6
2025-02-24 17:15:22 [INFO] Date panel for return: March 2025
2025-02-24 17:15:22 [INFO] Sat, Mar 8
2025-02-24 17:15:23 [INFO] Stopping test : Title Test
2025-02-24 17:15:25 [INFO] Starting test : Verify if Search Flights Tab is displayed
2025-02-24 17:15:26 [INFO] Stopping test : Flight Search
2025-02-24 17:15:26 [INFO] Starting test : Verify if Login/Sign up btn is displayed in home page
2025-02-24 17:15:28 [INFO] Stopping test : One way Flight Search
2025-02-24 17:15:28 [INFO] Starting test : Hotels Tab
2025-02-24 17:15:29 [INFO] Stopping test : Flight Search - Round Trip
2025-02-24 17:15:29 [INFO] Starting test :  Search button is visible
2025-02-24 17:15:30 [INFO] Stopping test : Verify if Login/Sign up btn is displayed in home page
2025-02-24 17:15:31 [INFO] Stopping test : Verify if Search Flights Tab is displayed
2025-02-24 17:15:34 [INFO] Stopping test : Hotels Tab
2025-02-24 17:15:34 [INFO] Stopping test :  Search button is visible
2025-02-24 17:28:07 [INFO] Starting test : One way Flight Search from Delhi to Bangalore
2025-02-24 17:28:07 [INFO] Starting test : One way Flight Search
2025-02-24 17:28:07 [INFO] Starting test : One way Flight Search from Hyderabad to Chennai
2025-02-24 17:28:07 [INFO] Starting test : Flight Search
2025-02-24 17:28:20 [INFO] Date panel for departure: March 2025
2025-02-24 17:28:20 [INFO] Date to assert: Thu, Mar 6
2025-02-24 17:28:21 [INFO] Date panel for departure: March 2025
2025-02-24 17:28:21 [INFO] Date to assert: Thu, Mar 6
2025-02-24 17:28:21 [INFO] Date panel for return: March 2025
2025-02-24 17:28:21 [INFO] Sat, Mar 8
2025-02-24 17:28:22 [INFO] Date panel for departure: March 2025
2025-02-24 17:28:22 [INFO] Date to assert: Thu, Mar 6
2025-02-24 17:28:23 [INFO] Date panel for departure: March 2025
2025-02-24 17:28:23 [INFO] Date to assert: Thu, Mar 6
2025-02-24 17:28:30 [INFO] Stopping test : One way Flight Search
2025-02-24 17:28:30 [INFO] Starting test : One way Flight Search from Kolkata to Mumbai
2025-02-24 17:28:31 [INFO] Stopping test : One way Flight Search from Delhi to Bangalore
2025-02-24 17:28:31 [INFO] Starting test : Flight Search - Round Trip from Hyderabad to Chennai
2025-02-24 17:28:32 [INFO] Stopping test : Flight Search
2025-02-24 17:28:32 [INFO] Starting test : Flight Search - Round Trip from Delhi to Bangalore
2025-02-24 17:28:32 [INFO] Stopping test : One way Flight Search from Hyderabad to Chennai
2025-02-24 17:28:32 [INFO] Starting test : Flight Search - Round Trip from Kolkata to Mumbai
2025-02-24 17:28:38 [INFO] Date panel for departure: March 2025
2025-02-24 17:28:38 [INFO] Date to assert: Thu, Mar 6
2025-02-24 17:28:42 [INFO] Date panel for departure: March 2025
2025-02-24 17:28:42 [INFO] Date to assert: Thu, Mar 6
2025-02-24 17:28:42 [INFO] Date panel for departure: March 2025
2025-02-24 17:28:42 [INFO] Date to assert: Thu, Mar 6
2025-02-24 17:28:42 [INFO] Date panel for return: March 2025
2025-02-24 17:28:42 [INFO] Sat, Mar 8
2025-02-24 17:28:42 [INFO] Date panel for return: March 2025
2025-02-24 17:28:42 [INFO] Sat, Mar 8
2025-02-24 17:28:47 [INFO] Stopping test : One way Flight Search from Kolkata to Mumbai
2025-02-24 17:28:47 [INFO] Starting test : Title Test
2025-02-24 17:28:51 [INFO] Stopping test : Flight Search - Round Trip from Delhi to Bangalore
2025-02-24 17:28:51 [INFO] Starting test : Verify if Search Flights Tab is displayed
2025-02-24 17:28:51 [INFO] Stopping test : Flight Search - Round Trip from Hyderabad to Chennai
2025-02-24 17:28:51 [INFO] Starting test : Verify if Login/Sign up btn is displayed in home page
2025-02-24 17:28:55 [INFO] Stopping test : Title Test
2025-02-24 17:28:55 [INFO] Starting test : Hotels Tab
2025-02-24 17:29:00 [INFO] Stopping test : Verify if Login/Sign up btn is displayed in home page
2025-02-24 17:29:00 [INFO] Stopping test : Verify if Search Flights Tab is displayed
2025-02-24 17:29:00 [INFO] Starting test :  Search button is visible
2025-02-24 17:29:02 [INFO] Starting test : Flight Search - Round Trip from Kolkata to Mumbai
2025-02-24 17:29:06 [INFO] Stopping test : Hotels Tab
2025-02-24 17:29:08 [INFO] Stopping test :  Search button is visible
2025-02-24 17:29:13 [INFO] Date panel for departure: March 2025
2025-02-24 17:29:13 [INFO] Date to assert: Thu, Mar 6
2025-02-24 17:29:14 [INFO] Date panel for return: March 2025
2025-02-24 17:29:14 [INFO] Sat, Mar 8
2025-02-24 17:29:22 [INFO] Stopping test : Flight Search - Round Trip from Kolkata to Mumbai
2025-02-24 17:37:48 [INFO] Starting test : Flight Search
2025-02-24 17:37:48 [INFO] Starting test : One way Flight Search from Delhi to Bangalore
2025-02-24 17:37:48 [INFO] Starting test : One way Flight Search
2025-02-24 17:37:48 [INFO] Starting test : One way Flight Search from Hyderabad to Chennai
2025-02-24 17:37:55 [INFO] Date panel for departure: March 2025
2025-02-24 17:37:55 [INFO] Date to assert: Thu, Mar 6
2025-02-24 17:37:55 [INFO] Date panel for departure: March 2025
2025-02-24 17:37:55 [INFO] Date to assert: Thu, Mar 6
2025-02-24 17:37:56 [INFO] Date panel for return: March 2025
2025-02-24 17:37:56 [INFO] Sat, Mar 8
2025-02-24 17:37:56 [INFO] Date panel for departure: March 2025
2025-02-24 17:37:56 [INFO] Date to assert: Thu, Mar 6
2025-02-24 17:37:56 [INFO] Date panel for departure: March 2025
2025-02-24 17:37:56 [INFO] Date to assert: Thu, Mar 6
2025-02-24 17:38:03 [INFO] Stopping test : One way Flight Search from Delhi to Bangalore
2025-02-24 17:38:03 [INFO] Starting test : One way Flight Search from Kolkata to Mumbai
2025-02-24 17:38:03 [INFO] Stopping test : One way Flight Search from Hyderabad to Chennai
2025-02-24 17:38:03 [INFO] Starting test : Flight Search - Round Trip from Hyderabad to Chennai
2025-02-24 17:38:09 [INFO] Stopping test : Flight Search
2025-02-24 17:38:09 [INFO] Starting test : Flight Search - Round Trip from Delhi to Bangalore
2025-02-24 17:38:10 [INFO] Stopping test : One way Flight Search
2025-02-24 17:38:10 [INFO] Starting test : Flight Search - Round Trip from Kolkata to Mumbai
2025-02-24 17:38:14 [INFO] Date panel for departure: March 2025
2025-02-24 17:38:14 [INFO] Date to assert: Thu, Mar 6
2025-02-24 17:38:15 [INFO] Date panel for departure: March 2025
2025-02-24 17:38:15 [INFO] Date to assert: Thu, Mar 6
2025-02-24 17:38:16 [INFO] Date panel for return: March 2025
2025-02-24 17:38:16 [INFO] Sat, Mar 8
2025-02-24 17:38:19 [INFO] Date panel for departure: March 2025
2025-02-24 17:38:19 [INFO] Date to assert: Thu, Mar 6
2025-02-24 17:38:20 [INFO] Date panel for return: March 2025
2025-02-24 17:38:20 [INFO] Sat, Mar 8
2025-02-24 17:38:21 [INFO] Date panel for departure: March 2025
2025-02-24 17:38:21 [INFO] Date to assert: Thu, Mar 6
2025-02-24 17:38:21 [INFO] Date panel for return: March 2025
2025-02-24 17:38:21 [INFO] Sat, Mar 8
2025-02-24 17:38:22 [INFO] Stopping test : One way Flight Search from Kolkata to Mumbai
2025-02-24 17:38:22 [INFO] Starting test : Title Test
2025-02-24 17:38:23 [INFO] Stopping test : Flight Search - Round Trip from Hyderabad to Chennai
2025-02-24 17:38:24 [INFO] Starting test : Verify if Search Flights Tab is displayed
2025-02-24 17:38:28 [INFO] Stopping test : Flight Search - Round Trip from Delhi to Bangalore
2025-02-24 17:38:28 [INFO] Starting test : Verify if Login/Sign up btn is displayed in home page
2025-02-24 17:38:28 [INFO] Stopping test : Verify if Search Flights Tab is displayed
2025-02-24 17:38:29 [INFO] Starting test : Hotels Tab
2025-02-24 17:38:29 [INFO] Stopping test : Flight Search - Round Trip from Kolkata to Mumbai
2025-02-24 17:38:29 [INFO] Starting test :  Search button is visible
2025-02-24 17:38:32 [INFO] Stopping test : Title Test
2025-02-24 17:38:34 [INFO] Stopping test : Verify if Login/Sign up btn is displayed in home page
2025-02-24 17:38:36 [INFO] Stopping test : Hotels Tab
2025-02-24 17:38:38 [INFO] Stopping test :  Search button is visible
