2025-03-04 16:49:42 [INFO] Navigated to OrangeHRM homepage with title : undefined
2025-03-04 16:49:47 [INFO] Navigated to OrangeHRM homepage with title : undefined
2025-03-04 16:51:59 [INFO] Navigated to OrangeHRM homepage with title : Human Resources Management Software | OrangeHRM
2025-03-04 16:52:07 [INFO] Navigated to OrangeHRM homepage with title : Human Resources Management Software | OrangeHRM
2025-03-04 16:57:54 [INFO] Navigated to OrangeHRM homepage with title : Human Resources Management Software | OrangeHRM
2025-03-04 22:38:47 [INFO] 

Albania
Tirane
Lek
Albanian

2025-03-04 22:39:54 [INFO] 

Albania
Tirane
Lek
Albanian

2025-03-04 22:41:57 [INFO] getByRole('row').nth(1)
2025-03-04 22:44:24 [INFO] 

Visited


Country


Capital(s)


Currency


Primary Language(s)

,

Afghanistan
Kabul
Afghani
Dari Persian; Pashto
,

Albania
Tirane
Lek
Albanian
,

Algeria
Algiers
Algerian Dinar
Arabic; Tamazight; French
,

Andorra
Andorra la Vella
Euro
Catalan
,

Angola
Luanda
Kwanza
Portuguese
,

Antigua & Barbuda
Saint John’s
East Caribbean Dollar
English
,

Argentina
Buenos Aires
Argentine Peso
Spanish
,

Armenia
Yerevan
Dram
Armenian
,

Australia
Canberra
Australian Dollar
English
,

Austria
Vienna
Euro
German
,

Azerbaijan
Baku
Manat
Azerbaijani
,

The Bahamas
Nassau
Bahamian Dollar
English
,

Bahrain
Manama
Bahraini Dinar
Arabic
,

Bangladesh
Dhaka
Taka
Bangla
,

Barbados
Bridgetown
Barbadian Dollar
English
,

Belarus
Minsk
Belarusian Ruble
Belarusian; Russian
,

Belgium
Brussels
Euro
Dutch; French; German
,

Belize
Belmopan
Belize Dollar
English
,

Benin
Porto-Novo
West African CFA Franc
French
,

Bhutan
Thimphu
Ngultrum
Dzongkha
,

Bolivia
La Paz; Sucre
Boliviano
Spanish; Quechua; Aymara
,

Bosnia and Herzegovina
Sarajevo
Convertible Mark
Bosnian; Croatian; Serbian
,

Botswana
Gaborone
Pula
English; Tswana
,

Brazil
Brasilia
Real
Portuguese
,

Brunei
Bandar Seri Begawan
Brunei Dollar
Malay
,

Bulgaria
Sofia
Lev
Bulgarian
,

Burkina Faso
Ouagadougou
West African CFA Franc
French
,

Burundi
Bujumbura
Burundi Franc
Kirundi; French
,

Cambodia
Phnom Penh
Riel
Khmer
,

Cameroon
Yaounde
Central African CFA Franc
French; English
,

Canada
Ottawa
Canadian Dollar
English; French
,

Cape Verde
Praia
Cape Verdean Escudo
Portuguese
,

Central African Republic
Bangui
Central African CFA Franc
Sango; French
,

Chad
N’Djamena
Central African CFA Franc
French; Arabic
,

Chile
Santiago
Chilean Peso
Spanish
,

China
Beijing
Chinese Yuan
Mandarin
,

Colombia
Bogota
Colombian Peso
Spanish
,

Comoros
Moron
Comorian Franc
Comorian; Arabic; French
,

Democratic Republic Of the Congo
Kinshasa
Congolese Franc
French
,

Republic of the Congo
Brazzaville
Central African CFA Franc
French
,

Costa Rica
San Jose
Colon
Spanish
,

Cote d’Ivoire (Ivory Coast)
Yamoussoukro; Abidjan
West African CFA Franc
French
,

Croatia
Zagreb
Croatian
Kuna
,

Cuba
Havana
Cuban Peso
Spanish
,

Cyprus
Nicosia
Euro
Greek; Turkish
,

Czechia
Prague
Czech Koruna
Czech; Slovak
,

Denmark
Copenhagen
Danish Krone
Danish
,

Djibouti
Djibouti
Djiboutian Franc
Arabic; French
,

Dominica
Rosesau
East Caribbean Dollar
English; French; Antillean Creole
,

Dominican Republic
Santo Domingo
Dominican Peso
Spanish
,

East Timor (Timor-Leste)
Dilli
United States Dollar
Tetum; Portuguese; Iindonesian
,

Ecuador
Quito
United States Dollar
Spanish
,

Egypt
Cairo
Egyptian Pound
Arabic
,

El Salvador
San Salvador
United States Dollar
Spanish
,

Equitorial Guinea
Malabo
Central African CFA Franc
Spanish; French; Portuguese
,

Eritrea
Asmara
Nakfa
Arabic; Tigrinya; English
,

Estonia
Tallinn
Estonian Kroon; Euro
Estonian
,

Ethiopia
Addis Ababa
Birr
Amharic
,

Fiji
Suva
Fijian Dollar
English; Bau Fijian; Hindi
,

Finland
Helsinki
Euro
Finnish; Swedish
,

France
Paris
Euro; CFP Franc
French
,

Gabon
Libreville
Central African CFA Franc
French
,

The Gambia
Banjul
Dalasi
English
,

Georgia
Tbilisi
Lari
Georgian
,

Germany
Berlin
Euro
German
,

Ghana
Accra
Ghanaian Cedi
English
,

Greece
Athens
Euro
Greek
,

Grenada
St. George’s
East Caribbean Dollar
English; Patois
,

Guatemala
Guatemala City
Quetzal
Spanish
,

Guinea
Conakry
Guinean Franc
French
,

Guinea-Bissau
Bissau
West African CFA Franc
Portuguese
,

Guyana
Georgetown
Guyanese Dollar
English
,

Haiti
Port-au-Prince
Gourde
Haitian Creole; French
,

Honduras
Tegucigalpa
Lempira
Spanish
,

Hungary
Budapest
Forint
Hungarian
,

Iceland
Reykjavik
Icelandic Krona
Icelandic
,

India
New Delhi
Indian Rupee
Hindi; English
,

Indonesia
Jakarta
Rupiah
Indonesian
,

Iran
Tehran
Rial
Persian
,

Iraq
Baghdad
Iraqi Dinar
Arabic; Kurdish
,

Republic of Ireland
Dublin
Euro
English; Irish
,

Israel
Jerusalem
Shekel
Hebrew; Arabic
,

Italy
Rome
Euro
Italian
,

Jamaica
Kingston
Jamaican Dollar
English
,

Japan
Tokyo
Yen
Japanese
,

Jordan
Amman
Jordanian Dinar
Arabic
,

Kazakhstan
Astana
Tenge
Kazakh; Russian
,

Kenya
Nairobi
Kenyan Shilling
Swahili; English
,

Kiribati
Tarawa Atoll
Kiribati Dollar
English; Gilbertese
,

North Korea
Pyongyang
North Korean Won
Korean
,

South Korea
Seoul
South Korean Won
Korean
,

Kosovo
Pristina
Euro
Albanian; Serbian
,

Kuwait
Kuwait City
Kuwaiti Dollar
Arabic; English
,

Kyrgyzstan
Bishkek
Som
Kyrgyz; Russian
,

Laos
Vientiane
Kip
Lao (Laotian)
,

Latvia
Riga
Lats
Latvian
,

Lebanon
Beirut
Lebanese Pound
Arabic; French
,

Lesotho
Maseru
Loti
Sesotho; English
,

Liberia
Monrovia
Liberian Dollar
English
,

Libya
Tripoli
Libyan Dinar
Arabic
,

Liechtenstein
Vaduz
Swiss Franc
German
,

Lithuania
Vilnius
Lithuanian Litas
Lithuanian
,

Luxembourg
Luxembourg
Euro
German; French; Luxembourgish
,

Macedonia
Skopje
Macedonian Denar
Macedonian
,

Madagascar
Antananarivo
Malagasy Ariary
Malagasy; French; English
,

Malawi
Lilongwe
Malawi Kwacha
English
,

Malaysia
Kuala Lumpur
Ringgit
Malay
,

Maldives
Male
Maldivian Rufiyaa
Dhivehi
,

Mali
Bamako
West African CFA Franc
French
,

Malta
Valletta
Euro
Maltese; English
,

Marshall Islands
Majuro
United States Dollar
Marshallese; English
,

Mauritania
Nouakchott
Ouguiya
Arabic
,

Mauritius
Port Louis
Mauritian Rupee
English
,

Mexico
Mexico City
Mexican Peso
Spanish
,

Federal States of Micronesia
Palikir
United States Dollar
English
,

Moldova
Chisinau
Moldovan Leu
Moldovan (Romanian)
,

Monaco
Monaco
Euro
French; Italian; English
,

Mongolia
Ulaanbaatar
Togrog
Mongolian
,

Montenegro
Podgorica
Euro
Montenegrin
,

Morocco
Rabat
Moroccan Dirham
Arabic
,

Mozambique
Maputo
Mozambican Metical
Portuguese
,

Myanmar (Burma)
Nypyidaw
Kyat
Burmese
,

Namibia
Windhoek
Namibian Dollar
English; Afrikaans; German
,

Nauru
Yaren
Australian Dollar
English; Nauran
,

Nepal
Kathmandu
Nepalese Rupee
Nepali
,

Netherlands
Amsterdam; The Hague
Euro
Dutch
,

New Zealand
Wellington
New Zealand Dollar
English
,

Nicaragua
Managua
Cordoba
Spanish
,

Niger
Niamey
West African CFA Franc
French
,

Nigeria
Abuja
Naira
English
,

Norway
Oslo
Norwegian Krone
Norwegian
,

Oman
Muscat
Omani Rial
Arabic
,

Pakistan
Islamabad
Pakistani Rupee
Urdu; English
,

Palau
Melekeok
United States Dollar
English; Palauan
,

Panama
Panama City
Balboa
Spanish
,

Papa New Guinea
Port Moresby Papa
Papa New Guinean Kina
English; Tok Pisin;
Hiri Motu
,

Paraguay
Asuncion
Guarani
Spanish; Guarani
,

Peru
Lima
Nuevo Sol
Spanish
,

Phillipines
Manila
Phillipine Peso
Filipino; English
,

Poland
Warsaw
Zloty
Polish
,

Portugal
Lisbon
Euro
Portuguese
,

Qatar
Doha
Qatari Riyal
Arabic
,

Romania
Bucharest
Romanian Rupee
Romanian
,

Romania
Bucharest
Romanian Rupee
Romanian
,

Russia
Moscow
Ruble
Russian
,

Rwanda
Kigali
Rwandan Franc
Kinyarwanda; French; English
,

Saint Kitts and Nevis
Basseterre
East Caribbean Dollar
English
,

Saint Lucia
Castries
East Caribbean Dollar
English; French
,

Saint Vincent and
The Grenadines
Kingstown East
Caribbean Dollar
English
,

Samoa
Apia
Tala
Samoan; English
,

San Marino
San Marino
Euro
Italian
,

Sao Tome and Principe
Sao Tome
Dobra
Portuguese
,

Saudi Arabia
Riyadh
Saudi Riyal
Arabic
,

Senegal
Dakar
West African CFA Franc
French
,

Serbia
Belgrade
Serbian Dinar
Serbian
,

Seychelles
Victoria
Seychoellois Rupee
Seychellois Creole;
French; English
,

Sierra Leone
Freetown
Leone
Krio; English
,

Singapore
Singapore
Singapore Dollar
English; Malay;
Mandarin Chinese
,

Slovakia
Bratislava
Euro
Slovak
,

Slovenia
Ljubljana
Euro
Slovene
,

Solomon Islands
Honiara
Solomon Islands Dollar
Solomons Pijin
,

Somalia
Mogadishu
Somali Shilling
Somali; Arabic
,

South Africa
Pretoria; Cape Town;
Bloemfontein
Rand
Zulu; Xhosa; Afrikaans
,

Spain
Madrid
Euro
Spanish
,

Sri Lanka
Colombo
Sri Lankan Rupee
Sinhala; Tamil
,

Sudan
Khartoum
Sudanese Pound
Arabic; English
,

Suriname
Paramaribo
Surinamese Dollar
Dutch
,

Swaziland
Mbabane
Lilangeni
English; SiSwati
,

Sweden
Stockholm
Swedish Krona
Swedish
,

Switzerland
Berne
Swiss Franc
German; French; Italian
,

Syria
Damascus
Syrian Pound
Arabic
,

Taiwan
Taipei
New Taiwan Dollar
Mandarin
,

Tajikistan
Dushanbe
Somoni
Tajik; Russian
,

Tanzania
Dar es Salaam; Dodoma
Tanzanian Schilling
Swahili
,

Thailand
Bangkok
Thai Baht
Thai
,

Togo
Lome
West African CFA Franc
French
,

Tonga
Nuku’alofa
Pa’anga
Tongan; English
,

Trinidad and Tobago
Port-of-Spain
Trinidad and Tobago Dollar
English
,

Tunisia
Tunis
Tunisian Dinar
Tunisian; French
,

Turkey
Ankara
Turkish Lira
Turkish
,

Turkmenistan
Ashgabat
Turkmen New Manat
Turkmen; Russian
,

Tuvalu
Vaiaku
Tuvaluan Dollar
Tuvaluan; English
,

Uganda
Kampala
Ugandan Shilling
Swahili; English
,

Ukraine
Kiev
Hryvnia
Ukranian; Russian
,

United Arab Emirates
Abu Dhabi
Dirham
Arabic
,

United Kingdom
London
Pound Sterling
English
,

United States of America
Washington D.C.
United States Dollar
English; Spanish
,

Uruguay
Montevideo
Uruguayan Peso
Spanish
,

Uzbekistan
Tashkent
Uzbekistan Som
Uzbek; Russian
,

Vanuatu
Port-Vila
Vanuatu Vatu
Bislama; English; French
,

Vatican City
Vatican City
Euro
Latin; Italian
,

Venezuela
Caracas
Bolivar Fuerte
Spanish
,

Vietnam
Hanoi
Dong
Vietnamese
,

Yemen
Sanaa
Yemeni Rial
Arabic
,

Zambia
Lusaka
Zambian Kwacha
English
,

Zimbabwe
Harare
United States Dollar
English

2025-03-04 22:50:34 [INFO] getByRole('row').nth(1)
2025-03-04 23:00:55 [INFO] ,Afghanistan,Kabul,Afghani,Dari Persian; Pashto
2025-03-04 23:07:53 [INFO] Country
2025-03-04 23:07:53 [INFO] Afghanistan
2025-03-04 23:07:53 [INFO] Albania
2025-03-04 23:07:53 [INFO] Algeria
2025-03-04 23:07:53 [INFO] Andorra
2025-03-04 23:07:53 [INFO] Angola
2025-03-04 23:07:53 [INFO] Antigua & Barbuda
2025-03-04 23:07:53 [INFO] Argentina
2025-03-04 23:07:53 [INFO] Armenia
2025-03-04 23:07:53 [INFO] Australia
2025-03-04 23:07:53 [INFO] Austria
2025-03-04 23:07:53 [INFO] Azerbaijan
2025-03-04 23:07:53 [INFO] The Bahamas
2025-03-04 23:07:53 [INFO] Bahrain
2025-03-04 23:07:53 [INFO] Bangladesh
2025-03-04 23:07:53 [INFO] Barbados
2025-03-04 23:07:53 [INFO] Belarus
2025-03-04 23:07:53 [INFO] Belgium
2025-03-04 23:07:53 [INFO] Belize
2025-03-04 23:07:53 [INFO] Benin
2025-03-04 23:07:53 [INFO] Bhutan
2025-03-04 23:07:53 [INFO] Bolivia
2025-03-04 23:07:53 [INFO] Bosnia and Herzegovina
2025-03-04 23:07:53 [INFO] Botswana
2025-03-04 23:07:53 [INFO] Brazil
2025-03-04 23:07:53 [INFO] Brunei
2025-03-04 23:07:53 [INFO] Bulgaria
2025-03-04 23:07:53 [INFO] Burkina Faso
2025-03-04 23:07:53 [INFO] Burundi
2025-03-04 23:07:53 [INFO] Cambodia
2025-03-04 23:07:53 [INFO] Cameroon
2025-03-04 23:07:53 [INFO] Canada
2025-03-04 23:07:53 [INFO] Cape Verde
2025-03-04 23:07:53 [INFO] Central African Republic
2025-03-04 23:07:53 [INFO] Chad
2025-03-04 23:07:53 [INFO] Chile
2025-03-04 23:07:53 [INFO] China
2025-03-04 23:07:53 [INFO] Colombia
2025-03-04 23:07:53 [INFO] Comoros
2025-03-04 23:07:53 [INFO] Democratic Republic Of the Congo
2025-03-04 23:07:53 [INFO] Republic of the Congo
2025-03-04 23:07:53 [INFO] Costa Rica
2025-03-04 23:07:53 [INFO] Cote d’Ivoire (Ivory Coast)
2025-03-04 23:07:53 [INFO] Croatia
2025-03-04 23:07:53 [INFO] Cuba
2025-03-04 23:07:53 [INFO] Cyprus
2025-03-04 23:07:53 [INFO] Czechia
2025-03-04 23:07:53 [INFO] Denmark
2025-03-04 23:07:53 [INFO] Djibouti
2025-03-04 23:07:53 [INFO] Dominica
2025-03-04 23:07:53 [INFO] Dominican Republic
2025-03-04 23:07:53 [INFO] East Timor (Timor-Leste)
2025-03-04 23:07:53 [INFO] Ecuador
2025-03-04 23:07:53 [INFO] Egypt
2025-03-04 23:07:53 [INFO] El Salvador
2025-03-04 23:07:53 [INFO] Equitorial Guinea
2025-03-04 23:07:53 [INFO] Eritrea
2025-03-04 23:07:53 [INFO] Estonia
2025-03-04 23:07:53 [INFO] Ethiopia
2025-03-04 23:07:53 [INFO] Fiji
2025-03-04 23:07:53 [INFO] Finland
2025-03-04 23:07:53 [INFO] France
2025-03-04 23:07:53 [INFO] Gabon
2025-03-04 23:07:53 [INFO] The Gambia
2025-03-04 23:07:53 [INFO] Georgia
2025-03-04 23:07:53 [INFO] Germany
2025-03-04 23:07:53 [INFO] Ghana
2025-03-04 23:07:53 [INFO] Greece
2025-03-04 23:07:53 [INFO] Grenada
2025-03-04 23:07:53 [INFO] Guatemala
2025-03-04 23:07:53 [INFO] Guinea
2025-03-04 23:07:53 [INFO] Guinea-Bissau
2025-03-04 23:07:53 [INFO] Guyana
2025-03-04 23:07:53 [INFO] Haiti
2025-03-04 23:07:53 [INFO] Honduras
2025-03-04 23:07:53 [INFO] Hungary
2025-03-04 23:07:53 [INFO] Iceland
2025-03-04 23:07:53 [INFO] India
2025-03-04 23:07:53 [INFO] Indonesia
2025-03-04 23:07:53 [INFO] Iran
2025-03-04 23:07:53 [INFO] Iraq
2025-03-04 23:07:53 [INFO] Republic of Ireland
2025-03-04 23:07:53 [INFO] Israel
2025-03-04 23:07:53 [INFO] Italy
2025-03-04 23:07:53 [INFO] Jamaica
2025-03-04 23:07:53 [INFO] Japan
2025-03-04 23:07:53 [INFO] Jordan
2025-03-04 23:07:53 [INFO] Kazakhstan
2025-03-04 23:07:53 [INFO] Kenya
2025-03-04 23:07:53 [INFO] Kiribati
2025-03-04 23:07:53 [INFO] North Korea
2025-03-04 23:07:53 [INFO] South Korea
2025-03-04 23:07:53 [INFO] Kosovo
2025-03-04 23:07:53 [INFO] Kuwait
2025-03-04 23:07:53 [INFO] Kyrgyzstan
2025-03-04 23:07:53 [INFO] Laos
2025-03-04 23:07:53 [INFO] Latvia
2025-03-04 23:07:53 [INFO] Lebanon
2025-03-04 23:07:53 [INFO] Lesotho
2025-03-04 23:07:53 [INFO] Liberia
2025-03-04 23:07:53 [INFO] Libya
2025-03-04 23:07:53 [INFO] Liechtenstein
2025-03-04 23:07:53 [INFO] Lithuania
2025-03-04 23:07:54 [INFO] Luxembourg
2025-03-04 23:07:54 [INFO] Macedonia
2025-03-04 23:07:54 [INFO] Madagascar
2025-03-04 23:07:54 [INFO] Malawi
2025-03-04 23:07:54 [INFO] Malaysia
2025-03-04 23:07:54 [INFO] Maldives
2025-03-04 23:07:54 [INFO] Mali
2025-03-04 23:07:54 [INFO] Malta
2025-03-04 23:07:54 [INFO] Marshall Islands
2025-03-04 23:07:54 [INFO] Mauritania
2025-03-04 23:07:54 [INFO] Mauritius
2025-03-04 23:07:54 [INFO] Mexico
2025-03-04 23:07:54 [INFO] Federal States of Micronesia
2025-03-04 23:07:54 [INFO] Moldova
2025-03-04 23:07:54 [INFO] Monaco
2025-03-04 23:07:54 [INFO] Mongolia
2025-03-04 23:07:54 [INFO] Montenegro
2025-03-04 23:07:54 [INFO] Morocco
2025-03-04 23:07:54 [INFO] Mozambique
2025-03-04 23:07:54 [INFO] Myanmar (Burma)
2025-03-04 23:07:54 [INFO] Namibia
2025-03-04 23:07:54 [INFO] Nauru
2025-03-04 23:07:54 [INFO] Nepal
2025-03-04 23:07:54 [INFO] Netherlands
2025-03-04 23:07:54 [INFO] New Zealand
2025-03-04 23:07:54 [INFO] Nicaragua
2025-03-04 23:07:54 [INFO] Niger
2025-03-04 23:07:54 [INFO] Nigeria
2025-03-04 23:07:54 [INFO] Norway
2025-03-04 23:07:54 [INFO] Oman
2025-03-04 23:07:54 [INFO] Pakistan
2025-03-04 23:07:54 [INFO] Palau
2025-03-04 23:07:54 [INFO] Panama
2025-03-04 23:07:54 [INFO] Papa New Guinea
2025-03-04 23:07:54 [INFO] Paraguay
2025-03-04 23:07:54 [INFO] Peru
2025-03-04 23:07:54 [INFO] Phillipines
2025-03-04 23:07:54 [INFO] Poland
2025-03-04 23:07:54 [INFO] Portugal
2025-03-04 23:07:54 [INFO] Qatar
2025-03-04 23:07:54 [INFO] Romania
2025-03-04 23:07:54 [INFO] Romania
2025-03-04 23:07:54 [INFO] Russia
2025-03-04 23:07:54 [INFO] Rwanda
2025-03-04 23:07:54 [INFO] Saint Kitts and Nevis
2025-03-04 23:07:54 [INFO] Saint Lucia
2025-03-04 23:07:54 [INFO] Saint Vincent and
The Grenadines
2025-03-04 23:07:54 [INFO] Samoa
2025-03-04 23:07:54 [INFO] San Marino
2025-03-04 23:07:54 [INFO] Sao Tome and Principe
2025-03-04 23:07:54 [INFO] Saudi Arabia
2025-03-04 23:07:54 [INFO] Senegal
2025-03-04 23:07:54 [INFO] Serbia
2025-03-04 23:07:54 [INFO] Seychelles
2025-03-04 23:07:54 [INFO] Sierra Leone
2025-03-04 23:07:54 [INFO] Singapore
2025-03-04 23:07:54 [INFO] Slovakia
2025-03-04 23:07:54 [INFO] Slovenia
2025-03-04 23:07:54 [INFO] Solomon Islands
2025-03-04 23:07:54 [INFO] Somalia
2025-03-04 23:07:54 [INFO] South Africa
2025-03-04 23:07:54 [INFO] Spain
2025-03-04 23:07:54 [INFO] Sri Lanka
2025-03-04 23:07:54 [INFO] Sudan
2025-03-04 23:07:54 [INFO] Suriname
2025-03-04 23:07:54 [INFO] Swaziland
2025-03-04 23:07:54 [INFO] Sweden
2025-03-04 23:07:54 [INFO] Switzerland
2025-03-04 23:07:54 [INFO] Syria
2025-03-04 23:07:54 [INFO] Taiwan
2025-03-04 23:07:54 [INFO] Tajikistan
2025-03-04 23:07:54 [INFO] Tanzania
2025-03-04 23:07:54 [INFO] Thailand
2025-03-04 23:07:54 [INFO] Togo
2025-03-04 23:07:54 [INFO] Tonga
2025-03-04 23:07:54 [INFO] Trinidad and Tobago
2025-03-04 23:07:54 [INFO] Tunisia
2025-03-04 23:07:54 [INFO] Turkey
2025-03-04 23:07:54 [INFO] Turkmenistan
2025-03-04 23:07:54 [INFO] Tuvalu
2025-03-04 23:07:54 [INFO] Uganda
2025-03-04 23:07:54 [INFO] Ukraine
2025-03-04 23:07:54 [INFO] United Arab Emirates
2025-03-04 23:07:54 [INFO] United Kingdom
2025-03-04 23:07:54 [INFO] United States of America
2025-03-04 23:07:54 [INFO] Uruguay
2025-03-04 23:07:54 [INFO] Uzbekistan
2025-03-04 23:07:54 [INFO] Vanuatu
2025-03-04 23:07:54 [INFO] Vatican City
2025-03-04 23:07:54 [INFO] Venezuela
2025-03-04 23:07:54 [INFO] Vietnam
2025-03-04 23:07:54 [INFO] Yemen
2025-03-04 23:07:54 [INFO] Zambia
2025-03-04 23:07:54 [INFO] Zimbabwe
2025-03-04 23:20:04 [INFO] Country
2025-03-04 23:20:04 [INFO] Afghanistan
2025-03-04 23:20:04 [INFO] Albania
2025-03-04 23:20:04 [INFO] Algeria
2025-03-04 23:20:04 [INFO] Andorra
2025-03-04 23:20:04 [INFO] Angola
2025-03-04 23:20:04 [INFO] Antigua & Barbuda
2025-03-04 23:20:04 [INFO] Argentina
2025-03-04 23:20:04 [INFO] Armenia
2025-03-04 23:20:04 [INFO] Australia
2025-03-04 23:20:04 [INFO] Austria
2025-03-04 23:20:04 [INFO] Azerbaijan
2025-03-04 23:20:04 [INFO] The Bahamas
2025-03-04 23:20:04 [INFO] Bahrain
2025-03-04 23:20:04 [INFO] Bangladesh
2025-03-04 23:20:04 [INFO] Barbados
2025-03-04 23:20:04 [INFO] Belarus
2025-03-04 23:20:04 [INFO] Belgium
2025-03-04 23:20:04 [INFO] Belize
2025-03-04 23:20:04 [INFO] Benin
2025-03-04 23:20:04 [INFO] Bhutan
2025-03-04 23:20:04 [INFO] Bolivia
2025-03-04 23:20:04 [INFO] Bosnia and Herzegovina
2025-03-04 23:20:04 [INFO] Botswana
2025-03-04 23:20:04 [INFO] Brazil
2025-03-04 23:20:04 [INFO] Brunei
2025-03-04 23:20:04 [INFO] Bulgaria
2025-03-04 23:20:04 [INFO] Burkina Faso
2025-03-04 23:20:04 [INFO] Burundi
2025-03-04 23:20:04 [INFO] Cambodia
2025-03-04 23:20:04 [INFO] Cameroon
2025-03-04 23:20:04 [INFO] Canada
2025-03-04 23:20:04 [INFO] Cape Verde
2025-03-04 23:20:04 [INFO] Central African Republic
2025-03-04 23:20:04 [INFO] Chad
2025-03-04 23:20:04 [INFO] Chile
2025-03-04 23:20:04 [INFO] China
2025-03-04 23:20:04 [INFO] Colombia
2025-03-04 23:20:04 [INFO] Comoros
2025-03-04 23:20:04 [INFO] Democratic Republic Of the Congo
2025-03-04 23:20:04 [INFO] Republic of the Congo
2025-03-04 23:20:04 [INFO] Costa Rica
2025-03-04 23:20:04 [INFO] Cote d’Ivoire (Ivory Coast)
2025-03-04 23:20:04 [INFO] Croatia
2025-03-04 23:20:04 [INFO] Cuba
2025-03-04 23:20:04 [INFO] Cyprus
2025-03-04 23:20:04 [INFO] Czechia
2025-03-04 23:20:04 [INFO] Denmark
2025-03-04 23:20:04 [INFO] Djibouti
2025-03-04 23:20:04 [INFO] Dominica
2025-03-04 23:20:04 [INFO] Dominican Republic
2025-03-04 23:20:04 [INFO] East Timor (Timor-Leste)
2025-03-04 23:20:04 [INFO] Ecuador
2025-03-04 23:20:04 [INFO] Egypt
2025-03-04 23:20:04 [INFO] El Salvador
2025-03-04 23:20:04 [INFO] Equitorial Guinea
2025-03-04 23:20:04 [INFO] Eritrea
2025-03-04 23:20:04 [INFO] Estonia
2025-03-04 23:20:04 [INFO] Ethiopia
2025-03-04 23:20:04 [INFO] Fiji
2025-03-04 23:20:04 [INFO] Finland
2025-03-04 23:20:04 [INFO] France
2025-03-04 23:20:04 [INFO] Gabon
2025-03-04 23:20:04 [INFO] The Gambia
2025-03-04 23:20:04 [INFO] Georgia
2025-03-04 23:20:04 [INFO] Germany
2025-03-04 23:20:04 [INFO] Ghana
2025-03-04 23:20:04 [INFO] Greece
2025-03-04 23:20:04 [INFO] Grenada
2025-03-04 23:20:04 [INFO] Guatemala
2025-03-04 23:20:04 [INFO] Guinea
2025-03-04 23:20:04 [INFO] Guinea-Bissau
2025-03-04 23:20:04 [INFO] Guyana
2025-03-04 23:20:04 [INFO] Haiti
2025-03-04 23:20:04 [INFO] Honduras
2025-03-04 23:20:04 [INFO] Hungary
2025-03-04 23:20:04 [INFO] Iceland
2025-03-04 23:20:04 [INFO] India
2025-03-04 23:20:04 [INFO] Indonesia
2025-03-04 23:20:04 [INFO] Iran
2025-03-04 23:20:04 [INFO] Iraq
2025-03-04 23:20:04 [INFO] Republic of Ireland
2025-03-04 23:20:04 [INFO] Israel
2025-03-04 23:20:04 [INFO] Italy
2025-03-04 23:20:04 [INFO] Jamaica
2025-03-04 23:20:04 [INFO] Japan
2025-03-04 23:20:04 [INFO] Jordan
2025-03-04 23:20:04 [INFO] Kazakhstan
2025-03-04 23:20:04 [INFO] Kenya
2025-03-04 23:20:04 [INFO] Kiribati
2025-03-04 23:20:04 [INFO] North Korea
2025-03-04 23:20:04 [INFO] South Korea
2025-03-04 23:20:04 [INFO] Kosovo
2025-03-04 23:20:04 [INFO] Kuwait
2025-03-04 23:20:04 [INFO] Kyrgyzstan
2025-03-04 23:20:04 [INFO] Laos
2025-03-04 23:20:04 [INFO] Latvia
2025-03-04 23:20:04 [INFO] Lebanon
2025-03-04 23:20:04 [INFO] Lesotho
2025-03-04 23:20:04 [INFO] Liberia
2025-03-04 23:20:04 [INFO] Libya
2025-03-04 23:20:04 [INFO] Liechtenstein
2025-03-04 23:20:04 [INFO] Lithuania
2025-03-04 23:20:04 [INFO] Luxembourg
2025-03-04 23:20:05 [INFO] Macedonia
2025-03-04 23:20:05 [INFO] Madagascar
2025-03-04 23:20:05 [INFO] Malawi
2025-03-04 23:20:05 [INFO] Malaysia
2025-03-04 23:20:05 [INFO] Maldives
2025-03-04 23:20:05 [INFO] Mali
2025-03-04 23:20:05 [INFO] Malta
2025-03-04 23:20:05 [INFO] Marshall Islands
2025-03-04 23:20:05 [INFO] Mauritania
2025-03-04 23:20:05 [INFO] Mauritius
2025-03-04 23:20:05 [INFO] Mexico
2025-03-04 23:20:05 [INFO] Federal States of Micronesia
2025-03-04 23:20:05 [INFO] Moldova
2025-03-04 23:20:05 [INFO] Monaco
2025-03-04 23:20:05 [INFO] Mongolia
2025-03-04 23:20:05 [INFO] Montenegro
2025-03-04 23:20:05 [INFO] Morocco
2025-03-04 23:20:05 [INFO] Mozambique
2025-03-04 23:20:05 [INFO] Myanmar (Burma)
2025-03-04 23:20:05 [INFO] Namibia
2025-03-04 23:20:05 [INFO] Nauru
2025-03-04 23:20:05 [INFO] Nepal
2025-03-04 23:20:05 [INFO] Netherlands
2025-03-04 23:20:05 [INFO] New Zealand
2025-03-04 23:20:05 [INFO] Nicaragua
2025-03-04 23:20:05 [INFO] Niger
2025-03-04 23:20:05 [INFO] Nigeria
2025-03-04 23:20:05 [INFO] Norway
2025-03-04 23:20:05 [INFO] Oman
2025-03-04 23:20:05 [INFO] Pakistan
2025-03-04 23:20:05 [INFO] Palau
2025-03-04 23:20:05 [INFO] Panama
2025-03-04 23:20:05 [INFO] Papa New Guinea
2025-03-04 23:20:05 [INFO] Paraguay
2025-03-04 23:20:05 [INFO] Peru
2025-03-04 23:20:05 [INFO] Phillipines
2025-03-04 23:20:05 [INFO] Poland
2025-03-04 23:20:05 [INFO] Portugal
2025-03-04 23:20:05 [INFO] Qatar
2025-03-04 23:20:05 [INFO] Romania
2025-03-04 23:20:05 [INFO] Romania
2025-03-04 23:20:05 [INFO] Russia
2025-03-04 23:20:05 [INFO] Rwanda
2025-03-04 23:20:05 [INFO] Saint Kitts and Nevis
2025-03-04 23:20:05 [INFO] Saint Lucia
2025-03-04 23:20:05 [INFO] Saint Vincent and
The Grenadines
2025-03-04 23:20:05 [INFO] Samoa
2025-03-04 23:20:05 [INFO] San Marino
2025-03-04 23:20:05 [INFO] Sao Tome and Principe
2025-03-04 23:20:05 [INFO] Saudi Arabia
2025-03-04 23:20:05 [INFO] Senegal
2025-03-04 23:20:05 [INFO] Serbia
2025-03-04 23:20:05 [INFO] Seychelles
2025-03-04 23:20:05 [INFO] Sierra Leone
2025-03-04 23:20:05 [INFO] Singapore
2025-03-04 23:20:05 [INFO] Slovakia
2025-03-04 23:20:05 [INFO] Slovenia
2025-03-04 23:20:05 [INFO] Solomon Islands
2025-03-04 23:20:05 [INFO] Somalia
2025-03-04 23:20:05 [INFO] South Africa
2025-03-04 23:20:05 [INFO] Spain
2025-03-04 23:20:05 [INFO] Sri Lanka
2025-03-04 23:20:05 [INFO] Sudan
2025-03-04 23:20:05 [INFO] Suriname
2025-03-04 23:20:05 [INFO] Swaziland
2025-03-04 23:20:05 [INFO] Sweden
2025-03-04 23:20:05 [INFO] Switzerland
2025-03-04 23:20:05 [INFO] Syria
2025-03-04 23:20:05 [INFO] Taiwan
2025-03-04 23:20:05 [INFO] Tajikistan
2025-03-04 23:20:05 [INFO] Tanzania
2025-03-04 23:20:05 [INFO] Thailand
2025-03-04 23:20:05 [INFO] Togo
2025-03-04 23:20:05 [INFO] Tonga
2025-03-04 23:20:05 [INFO] Trinidad and Tobago
2025-03-04 23:20:05 [INFO] Tunisia
2025-03-04 23:20:05 [INFO] Turkey
2025-03-04 23:20:05 [INFO] Turkmenistan
2025-03-04 23:20:05 [INFO] Tuvalu
2025-03-04 23:20:05 [INFO] Uganda
2025-03-04 23:20:05 [INFO] Ukraine
2025-03-04 23:20:05 [INFO] United Arab Emirates
2025-03-04 23:20:05 [INFO] United Kingdom
2025-03-04 23:20:05 [INFO] United States of America
2025-03-04 23:20:05 [INFO] Uruguay
2025-03-04 23:20:05 [INFO] Uzbekistan
2025-03-04 23:20:05 [INFO] Vanuatu
2025-03-04 23:20:05 [INFO] Vatican City
2025-03-04 23:20:05 [INFO] Venezuela
2025-03-04 23:20:05 [INFO] Vietnam
2025-03-04 23:20:05 [INFO] Yemen
2025-03-04 23:20:05 [INFO] Zambia
2025-03-04 23:20:05 [INFO] Zimbabwe
2025-03-04 23:21:01 [INFO] Data is : Brussels
2025-03-04 23:22:37 [INFO] Data is : Dutch; French; German
2025-03-04 23:22:42 [INFO] Data is : Dutch; French; German
2025-03-04 23:23:30 [INFO] Data is : Dutch; French; German
2025-03-04 23:38:00 [INFO] Data is : Dutch; French; German
2025-03-04 23:38:00 [INFO] Country
2025-03-04 23:38:00 [INFO] Afghanistan
2025-03-04 23:38:00 [INFO] Albania
2025-03-04 23:38:00 [INFO] Data is : Dutch; French; German
2025-03-04 23:38:00 [INFO] Algeria
2025-03-04 23:38:00 [INFO] Andorra
2025-03-04 23:38:00 [INFO] Angola
2025-03-04 23:38:00 [INFO] Antigua & Barbuda
2025-03-04 23:38:01 [INFO] Argentina
2025-03-04 23:38:01 [INFO] Armenia
2025-03-04 23:38:01 [INFO] Australia
2025-03-04 23:38:01 [INFO] Austria
2025-03-04 23:38:01 [INFO] Azerbaijan
2025-03-04 23:38:01 [INFO] The Bahamas
2025-03-04 23:38:01 [INFO] Bahrain
2025-03-04 23:38:01 [INFO] Bangladesh
2025-03-04 23:38:01 [INFO] Barbados
2025-03-04 23:38:01 [INFO] Belarus
2025-03-04 23:38:01 [INFO] Belgium
2025-03-04 23:38:01 [INFO] Belize
2025-03-04 23:38:01 [INFO] Benin
2025-03-04 23:38:01 [INFO] Bhutan
2025-03-04 23:38:01 [INFO] Bolivia
2025-03-04 23:38:01 [INFO] Bosnia and Herzegovina
2025-03-04 23:38:01 [INFO] Botswana
2025-03-04 23:38:01 [INFO] Brazil
2025-03-04 23:38:01 [INFO] Brunei
2025-03-04 23:38:01 [INFO] Bulgaria
2025-03-04 23:38:01 [INFO] Burkina Faso
2025-03-04 23:38:01 [INFO] Burundi
2025-03-04 23:38:01 [INFO] Cambodia
2025-03-04 23:38:01 [INFO] Cameroon
2025-03-04 23:38:01 [INFO] Canada
2025-03-04 23:38:01 [INFO] Cape Verde
2025-03-04 23:38:01 [INFO] Central African Republic
2025-03-04 23:38:01 [INFO] Chad
2025-03-04 23:38:01 [INFO] Chile
2025-03-04 23:38:01 [INFO] China
2025-03-04 23:38:01 [INFO] Colombia
2025-03-04 23:38:01 [INFO] Comoros
2025-03-04 23:38:01 [INFO] Democratic Republic Of the Congo
2025-03-04 23:38:01 [INFO] Republic of the Congo
2025-03-04 23:38:01 [INFO] Costa Rica
2025-03-04 23:38:01 [INFO] Cote d’Ivoire (Ivory Coast)
2025-03-04 23:38:01 [INFO] Croatia
2025-03-04 23:38:01 [INFO] Cuba
2025-03-04 23:38:01 [INFO] Cyprus
2025-03-04 23:38:01 [INFO] Czechia
2025-03-04 23:38:01 [INFO] Denmark
2025-03-04 23:38:01 [INFO] Djibouti
2025-03-04 23:38:01 [INFO] Dominica
2025-03-04 23:38:01 [INFO] Dominican Republic
2025-03-04 23:38:01 [INFO] East Timor (Timor-Leste)
2025-03-04 23:38:01 [INFO] Ecuador
2025-03-04 23:38:01 [INFO] Egypt
2025-03-04 23:38:01 [INFO] El Salvador
2025-03-04 23:38:01 [INFO] Equitorial Guinea
2025-03-04 23:38:01 [INFO] Eritrea
2025-03-04 23:38:01 [INFO] Estonia
2025-03-04 23:38:01 [INFO] Ethiopia
2025-03-04 23:38:01 [INFO] Fiji
2025-03-04 23:38:01 [INFO] Finland
2025-03-04 23:38:01 [INFO] France
2025-03-04 23:38:01 [INFO] Gabon
2025-03-04 23:38:01 [INFO] The Gambia
2025-03-04 23:38:01 [INFO] Georgia
2025-03-04 23:38:01 [INFO] Germany
2025-03-04 23:38:01 [INFO] Ghana
2025-03-04 23:38:01 [INFO] Greece
2025-03-04 23:38:01 [INFO] Grenada
2025-03-04 23:38:01 [INFO] Guatemala
2025-03-04 23:38:01 [INFO] Guinea
2025-03-04 23:38:01 [INFO] Guinea-Bissau
2025-03-04 23:38:01 [INFO] Guyana
2025-03-04 23:38:01 [INFO] Haiti
2025-03-04 23:38:01 [INFO] Honduras
2025-03-04 23:38:01 [INFO] Hungary
2025-03-04 23:38:01 [INFO] Iceland
2025-03-04 23:38:01 [INFO] India
2025-03-04 23:38:01 [INFO] Indonesia
2025-03-04 23:38:01 [INFO] Iran
2025-03-04 23:38:01 [INFO] Iraq
2025-03-04 23:38:01 [INFO] Republic of Ireland
2025-03-04 23:38:01 [INFO] Israel
2025-03-04 23:38:01 [INFO] Italy
2025-03-04 23:38:01 [INFO] Jamaica
2025-03-04 23:38:01 [INFO] Japan
2025-03-04 23:38:01 [INFO] Jordan
2025-03-04 23:38:01 [INFO] Kazakhstan
2025-03-04 23:38:01 [INFO] Kenya
2025-03-04 23:38:01 [INFO] Kiribati
2025-03-04 23:38:01 [INFO] North Korea
2025-03-04 23:38:01 [INFO] South Korea
2025-03-04 23:38:01 [INFO] Kosovo
2025-03-04 23:38:01 [INFO] Kuwait
2025-03-04 23:38:01 [INFO] Kyrgyzstan
2025-03-04 23:38:01 [INFO] Laos
2025-03-04 23:38:01 [INFO] Latvia
2025-03-04 23:38:01 [INFO] Lebanon
2025-03-04 23:38:01 [INFO] Lesotho
2025-03-04 23:38:01 [INFO] Liberia
2025-03-04 23:38:01 [INFO] Libya
2025-03-04 23:38:01 [INFO] Liechtenstein
2025-03-04 23:38:01 [INFO] Lithuania
2025-03-04 23:38:01 [INFO] Luxembourg
2025-03-04 23:38:01 [INFO] Macedonia
2025-03-04 23:38:01 [INFO] Madagascar
2025-03-04 23:38:01 [INFO] Malawi
2025-03-04 23:38:01 [INFO] Malaysia
2025-03-04 23:38:01 [INFO] Maldives
2025-03-04 23:38:01 [INFO] Mali
2025-03-04 23:38:01 [INFO] Malta
2025-03-04 23:38:01 [INFO] Marshall Islands
2025-03-04 23:38:01 [INFO] Mauritania
2025-03-04 23:38:01 [INFO] Mauritius
2025-03-04 23:38:01 [INFO] Mexico
2025-03-04 23:38:01 [INFO] Federal States of Micronesia
2025-03-04 23:38:01 [INFO] Moldova
2025-03-04 23:38:01 [INFO] Monaco
2025-03-04 23:38:01 [INFO] Mongolia
2025-03-04 23:38:01 [INFO] Montenegro
2025-03-04 23:38:01 [INFO] Morocco
2025-03-04 23:38:01 [INFO] Mozambique
2025-03-04 23:38:01 [INFO] Myanmar (Burma)
2025-03-04 23:38:01 [INFO] Namibia
2025-03-04 23:38:01 [INFO] Nauru
2025-03-04 23:38:01 [INFO] Nepal
2025-03-04 23:38:01 [INFO] Netherlands
2025-03-04 23:38:01 [INFO] New Zealand
2025-03-04 23:38:01 [INFO] Nicaragua
2025-03-04 23:38:01 [INFO] Niger
2025-03-04 23:38:01 [INFO] Nigeria
2025-03-04 23:38:01 [INFO] Norway
2025-03-04 23:38:01 [INFO] Oman
2025-03-04 23:38:01 [INFO] Pakistan
2025-03-04 23:38:01 [INFO] Palau
2025-03-04 23:38:01 [INFO] Panama
2025-03-04 23:38:01 [INFO] Papa New Guinea
2025-03-04 23:38:01 [INFO] Paraguay
2025-03-04 23:38:01 [INFO] Peru
2025-03-04 23:38:01 [INFO] Phillipines
2025-03-04 23:38:01 [INFO] Poland
2025-03-04 23:38:01 [INFO] Portugal
2025-03-04 23:38:01 [INFO] Qatar
2025-03-04 23:38:01 [INFO] Romania
2025-03-04 23:38:01 [INFO] Romania
2025-03-04 23:38:01 [INFO] Russia
2025-03-04 23:38:01 [INFO] Rwanda
2025-03-04 23:38:01 [INFO] Saint Kitts and Nevis
2025-03-04 23:38:01 [INFO] Saint Lucia
2025-03-04 23:38:01 [INFO] Saint Vincent and
The Grenadines
2025-03-04 23:38:01 [INFO] Samoa
2025-03-04 23:38:01 [INFO] San Marino
2025-03-04 23:38:01 [INFO] Sao Tome and Principe
2025-03-04 23:38:01 [INFO] Saudi Arabia
2025-03-04 23:38:01 [INFO] Senegal
2025-03-04 23:38:02 [INFO] Serbia
2025-03-04 23:38:02 [INFO] Seychelles
2025-03-04 23:38:02 [INFO] Sierra Leone
2025-03-04 23:38:02 [INFO] Singapore
2025-03-04 23:38:02 [INFO] Slovakia
2025-03-04 23:38:02 [INFO] Slovenia
2025-03-04 23:38:02 [INFO] Solomon Islands
2025-03-04 23:38:02 [INFO] Somalia
2025-03-04 23:38:02 [INFO] South Africa
2025-03-04 23:38:02 [INFO] Spain
2025-03-04 23:38:02 [INFO] Sri Lanka
2025-03-04 23:38:02 [INFO] Sudan
2025-03-04 23:38:02 [INFO] Suriname
2025-03-04 23:38:02 [INFO] Swaziland
2025-03-04 23:38:02 [INFO] Sweden
2025-03-04 23:38:02 [INFO] Switzerland
2025-03-04 23:38:02 [INFO] Syria
2025-03-04 23:38:02 [INFO] Taiwan
2025-03-04 23:38:02 [INFO] Tajikistan
2025-03-04 23:38:02 [INFO] Tanzania
2025-03-04 23:38:02 [INFO] Thailand
2025-03-04 23:38:02 [INFO] Togo
2025-03-04 23:38:02 [INFO] Tonga
2025-03-04 23:38:02 [INFO] Trinidad and Tobago
2025-03-04 23:38:02 [INFO] Tunisia
2025-03-04 23:38:02 [INFO] Turkey
2025-03-04 23:38:02 [INFO] Turkmenistan
2025-03-04 23:38:02 [INFO] Tuvalu
2025-03-04 23:38:02 [INFO] Uganda
2025-03-04 23:38:02 [INFO] Ukraine
2025-03-04 23:38:02 [INFO] United Arab Emirates
2025-03-04 23:38:02 [INFO] United Kingdom
2025-03-04 23:38:02 [INFO] United States of America
2025-03-04 23:38:02 [INFO] Uruguay
2025-03-04 23:38:02 [INFO] Uzbekistan
2025-03-04 23:38:02 [INFO] Vanuatu
2025-03-04 23:38:02 [INFO] Vatican City
2025-03-04 23:38:02 [INFO] Venezuela
2025-03-04 23:38:02 [INFO] Vietnam
2025-03-04 23:38:02 [INFO] Yemen
2025-03-04 23:38:02 [INFO] Zambia
2025-03-04 23:38:02 [INFO] Zimbabwe
2025-03-04 23:38:02 [INFO] Navigated to OrangeHRM homepage with title : Human Resources Management Software | OrangeHRM
2025-03-04 23:38:03 [INFO] Data is : French
2025-03-04 23:38:04 [INFO] Data is : German
2025-03-04 23:38:05 [INFO] Data is : Hindi; English
